{"/Users/sware/Projects/github.com/kotsutsumi/fluorite-mcp/src/server.ts": {"path":"/Users/sware/Projects/github.com/kotsutsumi/fluorite-mcp/src/server.ts","all":true,"statementMap":{"0":{"start":{"line":1,"column":0},"end":{"line":1,"column":19}},"1":{"start":{"line":2,"column":0},"end":{"line":2,"column":86}},"2":{"start":{"line":3,"column":0},"end":{"line":3,"column":81}},"3":{"start":{"line":4,"column":0},"end":{"line":4,"column":24}},"13":{"start":{"line":14,"column":0},"end":{"line":14,"column":28}},"14":{"start":{"line":15,"column":0},"end":{"line":15,"column":95}},"15":{"start":{"line":16,"column":0},"end":{"line":16,"column":76}},"18":{"start":{"line":19,"column":0},"end":{"line":19,"column":60}},"21":{"start":{"line":22,"column":0},"end":{"line":22,"column":31}},"22":{"start":{"line":23,"column":0},"end":{"line":23,"column":20}},"23":{"start":{"line":24,"column":0},"end":{"line":24,"column":69}},"24":{"start":{"line":25,"column":0},"end":{"line":25,"column":2}},"27":{"start":{"line":28,"column":0},"end":{"line":28,"column":31}},"28":{"start":{"line":29,"column":0},"end":{"line":29,"column":24}},"29":{"start":{"line":30,"column":0},"end":{"line":30,"column":18}},"30":{"start":{"line":31,"column":0},"end":{"line":31,"column":3}},"32":{"start":{"line":33,"column":0},"end":{"line":33,"column":24}},"33":{"start":{"line":34,"column":0},"end":{"line":34,"column":9}},"34":{"start":{"line":35,"column":0},"end":{"line":35,"column":60}},"35":{"start":{"line":36,"column":0},"end":{"line":36,"column":3}},"36":{"start":{"line":37,"column":0},"end":{"line":37,"column":35}},"37":{"start":{"line":38,"column":0},"end":{"line":38,"column":43}},"38":{"start":{"line":39,"column":0},"end":{"line":39,"column":4}},"39":{"start":{"line":40,"column":0},"end":{"line":40,"column":28}},"40":{"start":{"line":41,"column":0},"end":{"line":41,"column":57}},"41":{"start":{"line":42,"column":0},"end":{"line":42,"column":3}},"42":{"start":{"line":43,"column":0},"end":{"line":43,"column":2}},"44":{"start":{"line":45,"column":0},"end":{"line":45,"column":20}},"45":{"start":{"line":46,"column":0},"end":{"line":46,"column":16}},"46":{"start":{"line":47,"column":0},"end":{"line":47,"column":3}},"47":{"start":{"line":48,"column":0},"end":{"line":48,"column":33}},"48":{"start":{"line":49,"column":0},"end":{"line":49,"column":52}},"49":{"start":{"line":50,"column":0},"end":{"line":50,"column":18}},"50":{"start":{"line":51,"column":0},"end":{"line":51,"column":112}},"51":{"start":{"line":52,"column":0},"end":{"line":52,"column":102}},"52":{"start":{"line":53,"column":0},"end":{"line":53,"column":5}},"53":{"start":{"line":54,"column":0},"end":{"line":54,"column":4}},"54":{"start":{"line":55,"column":0},"end":{"line":55,"column":28}},"55":{"start":{"line":56,"column":0},"end":{"line":56,"column":49}},"56":{"start":{"line":57,"column":0},"end":{"line":57,"column":53}},"57":{"start":{"line":58,"column":0},"end":{"line":58,"column":3}},"58":{"start":{"line":59,"column":0},"end":{"line":59,"column":2}},"60":{"start":{"line":61,"column":0},"end":{"line":61,"column":20}},"61":{"start":{"line":62,"column":0},"end":{"line":62,"column":15}},"62":{"start":{"line":63,"column":0},"end":{"line":63,"column":3}},"63":{"start":{"line":64,"column":0},"end":{"line":64,"column":32}},"64":{"start":{"line":65,"column":0},"end":{"line":65,"column":43}},"65":{"start":{"line":66,"column":0},"end":{"line":66,"column":18}},"66":{"start":{"line":67,"column":0},"end":{"line":67,"column":89}},"67":{"start":{"line":68,"column":0},"end":{"line":68,"column":5}},"68":{"start":{"line":69,"column":0},"end":{"line":69,"column":4}},"69":{"start":{"line":70,"column":0},"end":{"line":70,"column":30}},"70":{"start":{"line":71,"column":0},"end":{"line":71,"column":45}},"71":{"start":{"line":72,"column":0},"end":{"line":72,"column":52}},"72":{"start":{"line":73,"column":0},"end":{"line":73,"column":3}},"73":{"start":{"line":74,"column":0},"end":{"line":74,"column":2}},"75":{"start":{"line":76,"column":0},"end":{"line":76,"column":20}},"76":{"start":{"line":77,"column":0},"end":{"line":77,"column":18}},"77":{"start":{"line":78,"column":0},"end":{"line":78,"column":3}},"78":{"start":{"line":79,"column":0},"end":{"line":79,"column":32}},"79":{"start":{"line":80,"column":0},"end":{"line":80,"column":40}},"80":{"start":{"line":81,"column":0},"end":{"line":81,"column":19}},"81":{"start":{"line":82,"column":0},"end":{"line":82,"column":4}},"82":{"start":{"line":83,"column":0},"end":{"line":83,"column":15}},"83":{"start":{"line":84,"column":0},"end":{"line":84,"column":48}},"84":{"start":{"line":85,"column":0},"end":{"line":85,"column":3}},"85":{"start":{"line":86,"column":0},"end":{"line":86,"column":2}},"87":{"start":{"line":88,"column":0},"end":{"line":88,"column":20}},"88":{"start":{"line":89,"column":0},"end":{"line":89,"column":14}},"89":{"start":{"line":90,"column":0},"end":{"line":90,"column":3}},"90":{"start":{"line":91,"column":0},"end":{"line":91,"column":23}},"91":{"start":{"line":92,"column":0},"end":{"line":92,"column":42}},"92":{"start":{"line":93,"column":0},"end":{"line":93,"column":19}},"93":{"start":{"line":94,"column":0},"end":{"line":94,"column":4}},"94":{"start":{"line":95,"column":0},"end":{"line":95,"column":15}},"95":{"start":{"line":96,"column":0},"end":{"line":96,"column":46}},"96":{"start":{"line":97,"column":0},"end":{"line":97,"column":12}},"97":{"start":{"line":98,"column":0},"end":{"line":98,"column":17}},"98":{"start":{"line":99,"column":0},"end":{"line":99,"column":21}},"99":{"start":{"line":100,"column":0},"end":{"line":100,"column":22}},"100":{"start":{"line":101,"column":0},"end":{"line":101,"column":50}},"101":{"start":{"line":102,"column":0},"end":{"line":102,"column":64}},"102":{"start":{"line":103,"column":0},"end":{"line":103,"column":8}},"103":{"start":{"line":104,"column":0},"end":{"line":104,"column":6}},"104":{"start":{"line":105,"column":0},"end":{"line":105,"column":3}},"105":{"start":{"line":106,"column":0},"end":{"line":106,"column":2}},"107":{"start":{"line":108,"column":0},"end":{"line":108,"column":20}},"108":{"start":{"line":109,"column":0},"end":{"line":109,"column":21}},"109":{"start":{"line":110,"column":0},"end":{"line":110,"column":3}},"110":{"start":{"line":111,"column":0},"end":{"line":111,"column":30}},"111":{"start":{"line":112,"column":0},"end":{"line":112,"column":45}},"112":{"start":{"line":113,"column":0},"end":{"line":113,"column":19}},"113":{"start":{"line":114,"column":0},"end":{"line":114,"column":4}},"114":{"start":{"line":115,"column":0},"end":{"line":115,"column":15}},"115":{"start":{"line":116,"column":0},"end":{"line":116,"column":53}},"116":{"start":{"line":117,"column":0},"end":{"line":117,"column":12}},"117":{"start":{"line":118,"column":0},"end":{"line":118,"column":17}},"118":{"start":{"line":119,"column":0},"end":{"line":119,"column":21}},"119":{"start":{"line":120,"column":0},"end":{"line":120,"column":22}},"120":{"start":{"line":121,"column":0},"end":{"line":121,"column":57}},"121":{"start":{"line":122,"column":0},"end":{"line":122,"column":89}},"122":{"start":{"line":123,"column":0},"end":{"line":123,"column":8}},"123":{"start":{"line":124,"column":0},"end":{"line":124,"column":6}},"124":{"start":{"line":125,"column":0},"end":{"line":125,"column":3}},"125":{"start":{"line":126,"column":0},"end":{"line":126,"column":2}},"127":{"start":{"line":128,"column":0},"end":{"line":128,"column":20}},"128":{"start":{"line":129,"column":0},"end":{"line":129,"column":19}},"129":{"start":{"line":130,"column":0},"end":{"line":130,"column":3}},"130":{"start":{"line":131,"column":0},"end":{"line":131,"column":28}},"131":{"start":{"line":132,"column":0},"end":{"line":132,"column":46}},"132":{"start":{"line":133,"column":0},"end":{"line":133,"column":19}},"133":{"start":{"line":134,"column":0},"end":{"line":134,"column":4}},"134":{"start":{"line":135,"column":0},"end":{"line":135,"column":15}},"135":{"start":{"line":136,"column":0},"end":{"line":136,"column":9}},"136":{"start":{"line":137,"column":0},"end":{"line":137,"column":48}},"137":{"start":{"line":138,"column":0},"end":{"line":138,"column":65}},"139":{"start":{"line":140,"column":0},"end":{"line":140,"column":22}},"140":{"start":{"line":141,"column":0},"end":{"line":141,"column":43}},"141":{"start":{"line":142,"column":0},"end":{"line":142,"column":11}},"142":{"start":{"line":143,"column":0},"end":{"line":143,"column":29}},"143":{"start":{"line":144,"column":0},"end":{"line":144,"column":120}},"144":{"start":{"line":145,"column":0},"end":{"line":145,"column":56}},"145":{"start":{"line":146,"column":0},"end":{"line":146,"column":103}},"146":{"start":{"line":147,"column":0},"end":{"line":147,"column":102}},"147":{"start":{"line":148,"column":0},"end":{"line":148,"column":11}},"148":{"start":{"line":149,"column":0},"end":{"line":149,"column":33}},"149":{"start":{"line":150,"column":0},"end":{"line":150,"column":74}},"150":{"start":{"line":151,"column":0},"end":{"line":151,"column":107}},"151":{"start":{"line":152,"column":0},"end":{"line":152,"column":10}},"152":{"start":{"line":153,"column":0},"end":{"line":153,"column":11}},"153":{"start":{"line":154,"column":0},"end":{"line":154,"column":29}},"154":{"start":{"line":155,"column":0},"end":{"line":155,"column":67}},"155":{"start":{"line":156,"column":0},"end":{"line":156,"column":103}},"156":{"start":{"line":157,"column":0},"end":{"line":157,"column":112}},"157":{"start":{"line":158,"column":0},"end":{"line":158,"column":48}},"158":{"start":{"line":159,"column":0},"end":{"line":159,"column":19}},"160":{"start":{"line":161,"column":0},"end":{"line":161,"column":53}},"161":{"start":{"line":162,"column":0},"end":{"line":162,"column":36}},"162":{"start":{"line":163,"column":0},"end":{"line":163,"column":18}},"163":{"start":{"line":164,"column":0},"end":{"line":164,"column":27}},"164":{"start":{"line":165,"column":0},"end":{"line":165,"column":64}},"165":{"start":{"line":166,"column":0},"end":{"line":166,"column":9}},"166":{"start":{"line":167,"column":0},"end":{"line":167,"column":9}},"168":{"start":{"line":169,"column":0},"end":{"line":169,"column":14}},"169":{"start":{"line":170,"column":0},"end":{"line":170,"column":19}},"170":{"start":{"line":171,"column":0},"end":{"line":171,"column":23}},"171":{"start":{"line":172,"column":0},"end":{"line":172,"column":22}},"172":{"start":{"line":173,"column":0},"end":{"line":173,"column":10}},"173":{"start":{"line":174,"column":0},"end":{"line":174,"column":8}},"174":{"start":{"line":175,"column":0},"end":{"line":175,"column":21}},"175":{"start":{"line":176,"column":0},"end":{"line":176,"column":78}},"176":{"start":{"line":177,"column":0},"end":{"line":177,"column":14}},"177":{"start":{"line":178,"column":0},"end":{"line":178,"column":19}},"178":{"start":{"line":179,"column":0},"end":{"line":179,"column":23}},"179":{"start":{"line":180,"column":0},"end":{"line":180,"column":85}},"180":{"start":{"line":181,"column":0},"end":{"line":181,"column":11}},"181":{"start":{"line":182,"column":0},"end":{"line":182,"column":21}},"182":{"start":{"line":183,"column":0},"end":{"line":183,"column":8}},"183":{"start":{"line":184,"column":0},"end":{"line":184,"column":5}},"184":{"start":{"line":185,"column":0},"end":{"line":185,"column":3}},"185":{"start":{"line":186,"column":0},"end":{"line":186,"column":2}},"187":{"start":{"line":188,"column":0},"end":{"line":188,"column":23}},"188":{"start":{"line":189,"column":0},"end":{"line":189,"column":7}},"190":{"start":{"line":191,"column":0},"end":{"line":191,"column":39}},"193":{"start":{"line":194,"column":0},"end":{"line":194,"column":66}},"194":{"start":{"line":195,"column":0},"end":{"line":195,"column":68}},"195":{"start":{"line":196,"column":0},"end":{"line":196,"column":29}},"196":{"start":{"line":197,"column":0},"end":{"line":197,"column":25}},"197":{"start":{"line":198,"column":0},"end":{"line":198,"column":9}},"198":{"start":{"line":199,"column":0},"end":{"line":199,"column":66}},"199":{"start":{"line":200,"column":0},"end":{"line":200,"column":43}},"201":{"start":{"line":202,"column":0},"end":{"line":202,"column":55}},"202":{"start":{"line":203,"column":0},"end":{"line":203,"column":62}},"204":{"start":{"line":205,"column":0},"end":{"line":205,"column":45}},"205":{"start":{"line":206,"column":0},"end":{"line":206,"column":47}},"206":{"start":{"line":207,"column":0},"end":{"line":207,"column":31}},"207":{"start":{"line":208,"column":0},"end":{"line":208,"column":28}},"208":{"start":{"line":209,"column":0},"end":{"line":209,"column":27}},"209":{"start":{"line":210,"column":0},"end":{"line":210,"column":11}},"210":{"start":{"line":211,"column":0},"end":{"line":211,"column":44}},"211":{"start":{"line":212,"column":0},"end":{"line":212,"column":24}},"212":{"start":{"line":213,"column":0},"end":{"line":213,"column":14}},"213":{"start":{"line":214,"column":0},"end":{"line":214,"column":60}},"214":{"start":{"line":215,"column":0},"end":{"line":215,"column":31}},"215":{"start":{"line":216,"column":0},"end":{"line":216,"column":28}},"216":{"start":{"line":217,"column":0},"end":{"line":217,"column":28}},"217":{"start":{"line":218,"column":0},"end":{"line":218,"column":25}},"218":{"start":{"line":219,"column":0},"end":{"line":219,"column":24}},"219":{"start":{"line":220,"column":0},"end":{"line":220,"column":11}},"220":{"start":{"line":221,"column":0},"end":{"line":221,"column":44}},"221":{"start":{"line":222,"column":0},"end":{"line":222,"column":24}},"222":{"start":{"line":223,"column":0},"end":{"line":223,"column":7}},"223":{"start":{"line":224,"column":0},"end":{"line":224,"column":5}},"226":{"start":{"line":227,"column":0},"end":{"line":227,"column":39}},"227":{"start":{"line":228,"column":0},"end":{"line":228,"column":75}},"228":{"start":{"line":229,"column":0},"end":{"line":229,"column":29}},"229":{"start":{"line":230,"column":0},"end":{"line":230,"column":32}},"230":{"start":{"line":231,"column":0},"end":{"line":231,"column":9}},"231":{"start":{"line":232,"column":0},"end":{"line":232,"column":64}},"232":{"start":{"line":233,"column":0},"end":{"line":233,"column":43}},"234":{"start":{"line":235,"column":0},"end":{"line":235,"column":62}},"235":{"start":{"line":236,"column":0},"end":{"line":236,"column":55}},"236":{"start":{"line":237,"column":0},"end":{"line":237,"column":29}},"237":{"start":{"line":238,"column":0},"end":{"line":238,"column":33}},"238":{"start":{"line":239,"column":0},"end":{"line":239,"column":54}},"239":{"start":{"line":240,"column":0},"end":{"line":240,"column":9}},"240":{"start":{"line":241,"column":0},"end":{"line":241,"column":43}},"241":{"start":{"line":242,"column":0},"end":{"line":242,"column":5}},"244":{"start":{"line":245,"column":0},"end":{"line":245,"column":41}},"246":{"start":{"line":247,"column":0},"end":{"line":247,"column":49}},"247":{"start":{"line":248,"column":0},"end":{"line":248,"column":36}},"249":{"start":{"line":250,"column":0},"end":{"line":250,"column":67}},"250":{"start":{"line":251,"column":0},"end":{"line":251,"column":27}},"251":{"start":{"line":252,"column":0},"end":{"line":252,"column":20}},"252":{"start":{"line":253,"column":0},"end":{"line":253,"column":39}},"253":{"start":{"line":254,"column":0},"end":{"line":254,"column":51}},"254":{"start":{"line":255,"column":0},"end":{"line":255,"column":119}},"255":{"start":{"line":256,"column":0},"end":{"line":256,"column":7}},"258":{"start":{"line":259,"column":0},"end":{"line":259,"column":60}},"259":{"start":{"line":260,"column":0},"end":{"line":260,"column":58}},"260":{"start":{"line":261,"column":0},"end":{"line":261,"column":81}},"261":{"start":{"line":262,"column":0},"end":{"line":262,"column":122}},"264":{"start":{"line":265,"column":0},"end":{"line":265,"column":38}},"265":{"start":{"line":266,"column":0},"end":{"line":266,"column":66}},"266":{"start":{"line":267,"column":0},"end":{"line":267,"column":30}},"267":{"start":{"line":268,"column":0},"end":{"line":268,"column":24}},"268":{"start":{"line":269,"column":0},"end":{"line":269,"column":9}},"269":{"start":{"line":270,"column":0},"end":{"line":270,"column":49}},"270":{"start":{"line":271,"column":0},"end":{"line":271,"column":27}},"271":{"start":{"line":272,"column":0},"end":{"line":272,"column":22}},"272":{"start":{"line":273,"column":0},"end":{"line":273,"column":7}},"274":{"start":{"line":275,"column":0},"end":{"line":275,"column":39}},"275":{"start":{"line":276,"column":0},"end":{"line":276,"column":78}},"276":{"start":{"line":277,"column":0},"end":{"line":277,"column":30}},"277":{"start":{"line":278,"column":0},"end":{"line":278,"column":25}},"278":{"start":{"line":279,"column":0},"end":{"line":279,"column":9}},"279":{"start":{"line":280,"column":0},"end":{"line":280,"column":71}},"280":{"start":{"line":281,"column":0},"end":{"line":281,"column":27}},"281":{"start":{"line":282,"column":0},"end":{"line":282,"column":22}},"282":{"start":{"line":283,"column":0},"end":{"line":283,"column":7}},"284":{"start":{"line":285,"column":0},"end":{"line":285,"column":19}},"285":{"start":{"line":286,"column":0},"end":{"line":286,"column":66}},"286":{"start":{"line":287,"column":0},"end":{"line":287,"column":27}},"287":{"start":{"line":288,"column":0},"end":{"line":288,"column":19}},"288":{"start":{"line":289,"column":0},"end":{"line":289,"column":7}},"289":{"start":{"line":290,"column":0},"end":{"line":290,"column":52}},"290":{"start":{"line":291,"column":0},"end":{"line":291,"column":20}},"291":{"start":{"line":292,"column":0},"end":{"line":292,"column":3}},"292":{"start":{"line":293,"column":0},"end":{"line":293,"column":1}},"294":{"start":{"line":295,"column":0},"end":{"line":295,"column":21}},"295":{"start":{"line":296,"column":0},"end":{"line":296,"column":71}},"296":{"start":{"line":297,"column":0},"end":{"line":297,"column":24}},"297":{"start":{"line":298,"column":0},"end":{"line":298,"column":5}},"298":{"start":{"line":299,"column":0},"end":{"line":299,"column":41}},"299":{"start":{"line":300,"column":0},"end":{"line":300,"column":18}},"300":{"start":{"line":301,"column":0},"end":{"line":301,"column":3}}},"s":{"0":0,"1":0,"2":0,"3":0,"13":0,"14":0,"15":0,"18":0,"21":0,"22":0,"23":0,"24":0,"27":0,"28":0,"29":0,"30":0,"32":0,"33":0,"34":0,"35":0,"36":0,"37":0,"38":0,"39":0,"40":0,"41":0,"42":0,"44":0,"45":0,"46":0,"47":0,"48":0,"49":0,"50":0,"51":0,"52":0,"53":0,"54":0,"55":0,"56":0,"57":0,"58":0,"60":0,"61":0,"62":0,"63":0,"64":0,"65":0,"66":0,"67":0,"68":0,"69":0,"70":0,"71":0,"72":0,"73":0,"75":0,"76":0,"77":0,"78":0,"79":0,"80":0,"81":0,"82":0,"83":0,"84":0,"85":0,"87":0,"88":0,"89":0,"90":0,"91":0,"92":0,"93":0,"94":0,"95":0,"96":0,"97":0,"98":0,"99":0,"100":0,"101":0,"102":0,"103":0,"104":0,"105":0,"107":0,"108":0,"109":0,"110":0,"111":0,"112":0,"113":0,"114":0,"115":0,"116":0,"117":0,"118":0,"119":0,"120":0,"121":0,"122":0,"123":0,"124":0,"125":0,"127":0,"128":0,"129":0,"130":0,"131":0,"132":0,"133":0,"134":0,"135":0,"136":0,"137":0,"139":0,"140":0,"141":0,"142":0,"143":0,"144":0,"145":0,"146":0,"147":0,"148":0,"149":0,"150":0,"151":0,"152":0,"153":0,"154":0,"155":0,"156":0,"157":0,"158":0,"160":0,"161":0,"162":0,"163":0,"164":0,"165":0,"166":0,"168":0,"169":0,"170":0,"171":0,"172":0,"173":0,"174":0,"175":0,"176":0,"177":0,"178":0,"179":0,"180":0,"181":0,"182":0,"183":0,"184":0,"185":0,"187":0,"188":0,"190":0,"193":0,"194":0,"195":0,"196":0,"197":0,"198":0,"199":0,"201":0,"202":0,"204":0,"205":0,"206":0,"207":0,"208":0,"209":0,"210":0,"211":0,"212":0,"213":0,"214":0,"215":0,"216":0,"217":0,"218":0,"219":0,"220":0,"221":0,"222":0,"223":0,"226":0,"227":0,"228":0,"229":0,"230":0,"231":0,"232":0,"234":0,"235":0,"236":0,"237":0,"238":0,"239":0,"240":0,"241":0,"244":0,"246":0,"247":0,"249":0,"250":0,"251":0,"252":0,"253":0,"254":0,"255":0,"258":0,"259":0,"260":0,"261":0,"264":0,"265":0,"266":0,"267":0,"268":0,"269":0,"270":0,"271":0,"272":0,"274":0,"275":0,"276":0,"277":0,"278":0,"279":0,"280":0,"281":0,"282":0,"284":0,"285":0,"286":0,"287":0,"288":0,"289":0,"290":0,"291":0,"292":0,"294":0,"295":0,"296":0,"297":0,"298":0,"299":0,"300":0},"branchMap":{"0":{"type":"branch","line":1,"loc":{"start":{"line":1,"column":0},"end":{"line":301,"column":-222}},"locations":[{"start":{"line":1,"column":0},"end":{"line":301,"column":-222}}]}},"b":{"0":[0]},"fnMap":{"0":{"name":"(empty-report)","decl":{"start":{"line":1,"column":0},"end":{"line":301,"column":-222}},"loc":{"start":{"line":1,"column":0},"end":{"line":301,"column":-222}},"line":1}},"f":{"0":0}}
,"/Users/sware/Projects/github.com/kotsutsumi/fluorite-mcp/src/types.ts": {"path":"/Users/sware/Projects/github.com/kotsutsumi/fluorite-mcp/src/types.ts","all":false,"statementMap":{"42":{"start":{"line":43,"column":0},"end":{"line":43,"column":42}},"43":{"start":{"line":44,"column":0},"end":{"line":44,"column":14}},"44":{"start":{"line":45,"column":0},"end":{"line":45,"column":20}},"45":{"start":{"line":46,"column":0},"end":{"line":46,"column":33}},"46":{"start":{"line":47,"column":0},"end":{"line":47,"column":33}},"47":{"start":{"line":48,"column":0},"end":{"line":48,"column":5}},"48":{"start":{"line":49,"column":0},"end":{"line":49,"column":19}},"49":{"start":{"line":50,"column":0},"end":{"line":50,"column":32}},"50":{"start":{"line":51,"column":0},"end":{"line":51,"column":3}},"51":{"start":{"line":52,"column":0},"end":{"line":52,"column":1}},"53":{"start":{"line":54,"column":0},"end":{"line":54,"column":52}},"54":{"start":{"line":55,"column":0},"end":{"line":55,"column":47}},"55":{"start":{"line":56,"column":0},"end":{"line":56,"column":46}},"56":{"start":{"line":57,"column":0},"end":{"line":57,"column":34}},"57":{"start":{"line":58,"column":0},"end":{"line":58,"column":3}},"58":{"start":{"line":59,"column":0},"end":{"line":59,"column":1}},"60":{"start":{"line":61,"column":0},"end":{"line":61,"column":52}},"61":{"start":{"line":62,"column":0},"end":{"line":62,"column":47}},"62":{"start":{"line":63,"column":0},"end":{"line":63,"column":46}},"63":{"start":{"line":64,"column":0},"end":{"line":64,"column":34}},"64":{"start":{"line":65,"column":0},"end":{"line":65,"column":3}},"65":{"start":{"line":66,"column":0},"end":{"line":66,"column":1}}},"s":{"42":1,"43":1,"44":22,"45":22,"46":22,"47":22,"48":22,"49":22,"50":22,"51":1,"53":1,"54":1,"55":12,"56":12,"57":12,"58":1,"60":1,"61":1,"62":10,"63":10,"64":10,"65":1},"branchMap":{"0":{"type":"branch","line":44,"loc":{"start":{"line":44,"column":2},"end":{"line":51,"column":3}},"locations":[{"start":{"line":44,"column":2},"end":{"line":51,"column":3}}]},"1":{"type":"branch","line":55,"loc":{"start":{"line":55,"column":2},"end":{"line":58,"column":3}},"locations":[{"start":{"line":55,"column":2},"end":{"line":58,"column":3}}]},"2":{"type":"branch","line":62,"loc":{"start":{"line":62,"column":2},"end":{"line":65,"column":3}},"locations":[{"start":{"line":62,"column":2},"end":{"line":65,"column":3}}]}},"b":{"0":[22],"1":[12],"2":[10]},"fnMap":{"0":{"name":"FluoriteError","decl":{"start":{"line":44,"column":2},"end":{"line":51,"column":3}},"loc":{"start":{"line":44,"column":2},"end":{"line":51,"column":3}},"line":44},"1":{"name":"ValidationError","decl":{"start":{"line":55,"column":2},"end":{"line":58,"column":3}},"loc":{"start":{"line":55,"column":2},"end":{"line":58,"column":3}},"line":55},"2":{"name":"FileSystemError","decl":{"start":{"line":62,"column":2},"end":{"line":65,"column":3}},"loc":{"start":{"line":62,"column":2},"end":{"line":65,"column":3}},"line":62}},"f":{"0":22,"1":12,"2":10}}
,"/Users/sware/Projects/github.com/kotsutsumi/fluorite-mcp/src/utils.ts": {"path":"/Users/sware/Projects/github.com/kotsutsumi/fluorite-mcp/src/utils.ts","all":true,"statementMap":{"0":{"start":{"line":1,"column":0},"end":{"line":1,"column":3}},"12":{"start":{"line":13,"column":0},"end":{"line":13,"column":37}},"13":{"start":{"line":14,"column":0},"end":{"line":14,"column":29}},"14":{"start":{"line":15,"column":0},"end":{"line":15,"column":51}},"15":{"start":{"line":16,"column":0},"end":{"line":16,"column":20}},"16":{"start":{"line":17,"column":0},"end":{"line":17,"column":27}},"17":{"start":{"line":18,"column":0},"end":{"line":18,"column":41}},"18":{"start":{"line":19,"column":0},"end":{"line":19,"column":11}},"23":{"start":{"line":24,"column":0},"end":{"line":24,"column":61}},"24":{"start":{"line":25,"column":0},"end":{"line":25,"column":47}},"25":{"start":{"line":26,"column":0},"end":{"line":26,"column":73}},"26":{"start":{"line":27,"column":0},"end":{"line":27,"column":3}},"28":{"start":{"line":29,"column":0},"end":{"line":29,"column":31}},"29":{"start":{"line":30,"column":0},"end":{"line":30,"column":11}},"30":{"start":{"line":31,"column":0},"end":{"line":31,"column":26}},"31":{"start":{"line":32,"column":0},"end":{"line":32,"column":39}},"33":{"start":{"line":34,"column":0},"end":{"line":34,"column":54}},"34":{"start":{"line":35,"column":0},"end":{"line":35,"column":30}},"35":{"start":{"line":36,"column":0},"end":{"line":36,"column":82}},"36":{"start":{"line":37,"column":0},"end":{"line":37,"column":6}},"37":{"start":{"line":38,"column":0},"end":{"line":38,"column":3}},"39":{"start":{"line":40,"column":0},"end":{"line":40,"column":19}},"40":{"start":{"line":41,"column":0},"end":{"line":41,"column":2}},"45":{"start":{"line":46,"column":0},"end":{"line":46,"column":66}},"46":{"start":{"line":47,"column":0},"end":{"line":47,"column":55}},"47":{"start":{"line":48,"column":0},"end":{"line":48,"column":7}},"48":{"start":{"line":49,"column":0},"end":{"line":49,"column":46}},"49":{"start":{"line":50,"column":0},"end":{"line":50,"column":11}},"50":{"start":{"line":51,"column":0},"end":{"line":51,"column":9}},"51":{"start":{"line":52,"column":0},"end":{"line":52,"column":52}},"52":{"start":{"line":53,"column":0},"end":{"line":53,"column":21}},"53":{"start":{"line":54,"column":0},"end":{"line":54,"column":32}},"54":{"start":{"line":55,"column":0},"end":{"line":55,"column":61}},"55":{"start":{"line":56,"column":0},"end":{"line":56,"column":22}},"56":{"start":{"line":57,"column":0},"end":{"line":57,"column":8}},"57":{"start":{"line":58,"column":0},"end":{"line":58,"column":5}},"58":{"start":{"line":59,"column":0},"end":{"line":59,"column":3}},"59":{"start":{"line":60,"column":0},"end":{"line":60,"column":2}},"64":{"start":{"line":65,"column":0},"end":{"line":65,"column":76}},"65":{"start":{"line":66,"column":0},"end":{"line":66,"column":7}},"66":{"start":{"line":67,"column":0},"end":{"line":67,"column":39}},"67":{"start":{"line":68,"column":0},"end":{"line":68,"column":44}},"68":{"start":{"line":69,"column":0},"end":{"line":69,"column":32}},"69":{"start":{"line":70,"column":0},"end":{"line":70,"column":77}},"70":{"start":{"line":71,"column":0},"end":{"line":71,"column":8}},"71":{"start":{"line":72,"column":0},"end":{"line":72,"column":5}},"72":{"start":{"line":73,"column":0},"end":{"line":73,"column":19}},"73":{"start":{"line":74,"column":0},"end":{"line":74,"column":53}},"74":{"start":{"line":75,"column":0},"end":{"line":75,"column":38}},"75":{"start":{"line":76,"column":0},"end":{"line":76,"column":32}},"76":{"start":{"line":77,"column":0},"end":{"line":77,"column":52}},"77":{"start":{"line":78,"column":0},"end":{"line":78,"column":22}},"78":{"start":{"line":79,"column":0},"end":{"line":79,"column":8}},"79":{"start":{"line":80,"column":0},"end":{"line":80,"column":5}},"81":{"start":{"line":82,"column":0},"end":{"line":82,"column":3}},"82":{"start":{"line":83,"column":0},"end":{"line":83,"column":2}},"87":{"start":{"line":88,"column":0},"end":{"line":88,"column":77}},"88":{"start":{"line":89,"column":0},"end":{"line":89,"column":7}},"89":{"start":{"line":90,"column":0},"end":{"line":90,"column":37}},"90":{"start":{"line":91,"column":0},"end":{"line":91,"column":62}},"92":{"start":{"line":93,"column":0},"end":{"line":93,"column":26}},"93":{"start":{"line":94,"column":0},"end":{"line":94,"column":52}},"94":{"start":{"line":95,"column":0},"end":{"line":95,"column":5}},"96":{"start":{"line":97,"column":0},"end":{"line":97,"column":19}},"97":{"start":{"line":98,"column":0},"end":{"line":98,"column":19}},"98":{"start":{"line":99,"column":0},"end":{"line":99,"column":53}},"99":{"start":{"line":100,"column":0},"end":{"line":100,"column":38}},"100":{"start":{"line":101,"column":0},"end":{"line":101,"column":63}},"101":{"start":{"line":102,"column":0},"end":{"line":102,"column":5}},"102":{"start":{"line":103,"column":0},"end":{"line":103,"column":30}},"103":{"start":{"line":104,"column":0},"end":{"line":104,"column":41}},"104":{"start":{"line":105,"column":0},"end":{"line":105,"column":20}},"105":{"start":{"line":106,"column":0},"end":{"line":106,"column":6}},"106":{"start":{"line":107,"column":0},"end":{"line":107,"column":3}},"107":{"start":{"line":108,"column":0},"end":{"line":108,"column":2}},"112":{"start":{"line":113,"column":0},"end":{"line":113,"column":93}},"113":{"start":{"line":114,"column":0},"end":{"line":114,"column":46}},"114":{"start":{"line":115,"column":0},"end":{"line":115,"column":30}},"115":{"start":{"line":116,"column":0},"end":{"line":116,"column":82}},"116":{"start":{"line":117,"column":0},"end":{"line":117,"column":6}},"117":{"start":{"line":118,"column":0},"end":{"line":118,"column":3}},"119":{"start":{"line":120,"column":0},"end":{"line":120,"column":7}},"120":{"start":{"line":121,"column":0},"end":{"line":121,"column":35}},"121":{"start":{"line":122,"column":0},"end":{"line":122,"column":56}},"122":{"start":{"line":123,"column":0},"end":{"line":123,"column":19}},"123":{"start":{"line":124,"column":0},"end":{"line":124,"column":30}},"124":{"start":{"line":125,"column":0},"end":{"line":125,"column":42}},"125":{"start":{"line":126,"column":0},"end":{"line":126,"column":20}},"126":{"start":{"line":127,"column":0},"end":{"line":127,"column":6}},"127":{"start":{"line":128,"column":0},"end":{"line":128,"column":3}},"128":{"start":{"line":129,"column":0},"end":{"line":129,"column":2}},"133":{"start":{"line":134,"column":0},"end":{"line":134,"column":79}},"134":{"start":{"line":135,"column":0},"end":{"line":135,"column":7}},"135":{"start":{"line":136,"column":0},"end":{"line":136,"column":35}},"136":{"start":{"line":137,"column":0},"end":{"line":137,"column":57}},"137":{"start":{"line":138,"column":0},"end":{"line":138,"column":45}},"139":{"start":{"line":140,"column":0},"end":{"line":140,"column":29}},"140":{"start":{"line":141,"column":0},"end":{"line":141,"column":82}},"141":{"start":{"line":142,"column":0},"end":{"line":142,"column":79}},"142":{"start":{"line":143,"column":0},"end":{"line":143,"column":14}},"144":{"start":{"line":145,"column":0},"end":{"line":145,"column":17}},"145":{"start":{"line":146,"column":0},"end":{"line":146,"column":50}},"146":{"start":{"line":147,"column":0},"end":{"line":147,"column":75}},"147":{"start":{"line":148,"column":0},"end":{"line":148,"column":5}},"149":{"start":{"line":150,"column":0},"end":{"line":150,"column":25}},"150":{"start":{"line":151,"column":0},"end":{"line":151,"column":19}},"151":{"start":{"line":152,"column":0},"end":{"line":152,"column":30}},"152":{"start":{"line":153,"column":0},"end":{"line":153,"column":37}},"153":{"start":{"line":154,"column":0},"end":{"line":154,"column":20}},"154":{"start":{"line":155,"column":0},"end":{"line":155,"column":6}},"155":{"start":{"line":156,"column":0},"end":{"line":156,"column":3}},"156":{"start":{"line":157,"column":0},"end":{"line":157,"column":2}},"161":{"start":{"line":162,"column":0},"end":{"line":162,"column":59}},"162":{"start":{"line":163,"column":0},"end":{"line":163,"column":66}},"163":{"start":{"line":164,"column":0},"end":{"line":164,"column":2}},"168":{"start":{"line":169,"column":0},"end":{"line":169,"column":75}},"169":{"start":{"line":170,"column":0},"end":{"line":170,"column":51}},"171":{"start":{"line":172,"column":0},"end":{"line":172,"column":10}},"172":{"start":{"line":173,"column":0},"end":{"line":173,"column":16}},"173":{"start":{"line":174,"column":0},"end":{"line":174,"column":10}},"174":{"start":{"line":175,"column":0},"end":{"line":175,"column":80}},"175":{"start":{"line":176,"column":0},"end":{"line":176,"column":23}},"176":{"start":{"line":177,"column":0},"end":{"line":177,"column":35}},"177":{"start":{"line":178,"column":0},"end":{"line":178,"column":6}},"178":{"start":{"line":179,"column":0},"end":{"line":179,"column":4}},"179":{"start":{"line":180,"column":0},"end":{"line":180,"column":2}},"184":{"start":{"line":185,"column":0},"end":{"line":185,"column":58}},"185":{"start":{"line":186,"column":0},"end":{"line":186,"column":47}},"187":{"start":{"line":188,"column":0},"end":{"line":188,"column":10}},"188":{"start":{"line":189,"column":0},"end":{"line":189,"column":15}},"189":{"start":{"line":190,"column":0},"end":{"line":190,"column":28}},"190":{"start":{"line":191,"column":0},"end":{"line":191,"column":80}},"191":{"start":{"line":192,"column":0},"end":{"line":192,"column":23}},"192":{"start":{"line":193,"column":0},"end":{"line":193,"column":35}},"193":{"start":{"line":194,"column":0},"end":{"line":194,"column":7}},"194":{"start":{"line":195,"column":0},"end":{"line":195,"column":17}},"195":{"start":{"line":196,"column":0},"end":{"line":196,"column":4}},"196":{"start":{"line":197,"column":0},"end":{"line":197,"column":2}}},"s":{"0":0,"12":0,"13":0,"14":0,"15":0,"16":0,"17":0,"18":0,"23":0,"24":0,"25":0,"26":0,"28":0,"29":0,"30":0,"31":0,"33":0,"34":0,"35":0,"36":0,"37":0,"39":0,"40":0,"45":0,"46":0,"47":0,"48":0,"49":0,"50":0,"51":0,"52":0,"53":0,"54":0,"55":0,"56":0,"57":0,"58":0,"59":0,"64":0,"65":0,"66":0,"67":0,"68":0,"69":0,"70":0,"71":0,"72":0,"73":0,"74":0,"75":0,"76":0,"77":0,"78":0,"79":0,"81":0,"82":0,"87":0,"88":0,"89":0,"90":0,"92":0,"93":0,"94":0,"96":0,"97":0,"98":0,"99":0,"100":0,"101":0,"102":0,"103":0,"104":0,"105":0,"106":0,"107":0,"112":0,"113":0,"114":0,"115":0,"116":0,"117":0,"119":0,"120":0,"121":0,"122":0,"123":0,"124":0,"125":0,"126":0,"127":0,"128":0,"133":0,"134":0,"135":0,"136":0,"137":0,"139":0,"140":0,"141":0,"142":0,"144":0,"145":0,"146":0,"147":0,"149":0,"150":0,"151":0,"152":0,"153":0,"154":0,"155":0,"156":0,"161":0,"162":0,"163":0,"168":0,"169":0,"171":0,"172":0,"173":0,"174":0,"175":0,"176":0,"177":0,"178":0,"179":0,"184":0,"185":0,"187":0,"188":0,"189":0,"190":0,"191":0,"192":0,"193":0,"194":0,"195":0,"196":0},"branchMap":{"0":{"type":"branch","line":1,"loc":{"start":{"line":1,"column":5169},"end":{"line":197,"column":2}},"locations":[{"start":{"line":1,"column":5169},"end":{"line":197,"column":2}}]}},"b":{"0":[0]},"fnMap":{"0":{"name":"(empty-report)","decl":{"start":{"line":1,"column":5169},"end":{"line":197,"column":2}},"loc":{"start":{"line":1,"column":5169},"end":{"line":197,"column":2}},"line":1}},"f":{"0":0}}
,"/Users/sware/Projects/github.com/kotsutsumi/fluorite-mcp/src/core/catalog.ts": {"path":"/Users/sware/Projects/github.com/kotsutsumi/fluorite-mcp/src/core/catalog.ts","all":false,"statementMap":{"0":{"start":{"line":1,"column":0},"end":{"line":1,"column":3}},"18":{"start":{"line":19,"column":0},"end":{"line":19,"column":46}},"19":{"start":{"line":20,"column":0},"end":{"line":20,"column":25}},"20":{"start":{"line":21,"column":0},"end":{"line":21,"column":50}},"21":{"start":{"line":22,"column":0},"end":{"line":22,"column":34}},"22":{"start":{"line":23,"column":0},"end":{"line":23,"column":25}},"23":{"start":{"line":24,"column":0},"end":{"line":24,"column":19}},"24":{"start":{"line":25,"column":0},"end":{"line":25,"column":11}},"29":{"start":{"line":30,"column":0},"end":{"line":30,"column":98}},"30":{"start":{"line":31,"column":0},"end":{"line":31,"column":47}},"31":{"start":{"line":32,"column":0},"end":{"line":32,"column":73}},"32":{"start":{"line":33,"column":0},"end":{"line":33,"column":3}},"34":{"start":{"line":35,"column":0},"end":{"line":35,"column":31}},"35":{"start":{"line":36,"column":0},"end":{"line":36,"column":11}},"36":{"start":{"line":37,"column":0},"end":{"line":37,"column":26}},"37":{"start":{"line":38,"column":0},"end":{"line":38,"column":39}},"39":{"start":{"line":40,"column":0},"end":{"line":40,"column":52}},"40":{"start":{"line":41,"column":0},"end":{"line":41,"column":30}},"41":{"start":{"line":42,"column":0},"end":{"line":42,"column":80}},"42":{"start":{"line":43,"column":0},"end":{"line":43,"column":6}},"43":{"start":{"line":44,"column":0},"end":{"line":44,"column":3}},"45":{"start":{"line":46,"column":0},"end":{"line":46,"column":19}},"46":{"start":{"line":47,"column":0},"end":{"line":47,"column":1}},"51":{"start":{"line":52,"column":0},"end":{"line":52,"column":101}},"52":{"start":{"line":53,"column":0},"end":{"line":53,"column":51}},"53":{"start":{"line":54,"column":0},"end":{"line":54,"column":7}},"54":{"start":{"line":55,"column":0},"end":{"line":55,"column":46}},"55":{"start":{"line":56,"column":0},"end":{"line":56,"column":11}},"56":{"start":{"line":57,"column":0},"end":{"line":57,"column":9}},"57":{"start":{"line":58,"column":0},"end":{"line":58,"column":52}},"58":{"start":{"line":59,"column":0},"end":{"line":59,"column":21}},"59":{"start":{"line":60,"column":0},"end":{"line":60,"column":32}},"60":{"start":{"line":61,"column":0},"end":{"line":61,"column":61}},"61":{"start":{"line":62,"column":0},"end":{"line":62,"column":22}},"62":{"start":{"line":63,"column":0},"end":{"line":63,"column":8}},"63":{"start":{"line":64,"column":0},"end":{"line":64,"column":5}},"64":{"start":{"line":65,"column":0},"end":{"line":65,"column":3}},"65":{"start":{"line":66,"column":0},"end":{"line":66,"column":1}},"70":{"start":{"line":71,"column":0},"end":{"line":71,"column":113}},"71":{"start":{"line":72,"column":0},"end":{"line":72,"column":7}},"72":{"start":{"line":73,"column":0},"end":{"line":73,"column":39}},"73":{"start":{"line":74,"column":0},"end":{"line":74,"column":42}},"74":{"start":{"line":75,"column":0},"end":{"line":75,"column":32}},"75":{"start":{"line":76,"column":0},"end":{"line":76,"column":75}},"76":{"start":{"line":77,"column":0},"end":{"line":77,"column":8}},"77":{"start":{"line":78,"column":0},"end":{"line":78,"column":5}},"78":{"start":{"line":79,"column":0},"end":{"line":79,"column":19}},"79":{"start":{"line":80,"column":0},"end":{"line":80,"column":53}},"80":{"start":{"line":81,"column":0},"end":{"line":81,"column":38}},"81":{"start":{"line":82,"column":0},"end":{"line":82,"column":32}},"82":{"start":{"line":83,"column":0},"end":{"line":83,"column":52}},"83":{"start":{"line":84,"column":0},"end":{"line":84,"column":22}},"84":{"start":{"line":85,"column":0},"end":{"line":85,"column":8}},"85":{"start":{"line":86,"column":0},"end":{"line":86,"column":5}},"87":{"start":{"line":88,"column":0},"end":{"line":88,"column":3}},"88":{"start":{"line":89,"column":0},"end":{"line":89,"column":1}},"93":{"start":{"line":94,"column":0},"end":{"line":94,"column":102}},"94":{"start":{"line":95,"column":0},"end":{"line":95,"column":48}},"95":{"start":{"line":96,"column":0},"end":{"line":96,"column":44}},"97":{"start":{"line":98,"column":0},"end":{"line":98,"column":49}},"98":{"start":{"line":99,"column":0},"end":{"line":99,"column":49}},"99":{"start":{"line":100,"column":0},"end":{"line":100,"column":9}},"100":{"start":{"line":101,"column":0},"end":{"line":101,"column":47}},"101":{"start":{"line":102,"column":0},"end":{"line":102,"column":64}},"103":{"start":{"line":104,"column":0},"end":{"line":104,"column":28}},"104":{"start":{"line":105,"column":0},"end":{"line":105,"column":37}},"105":{"start":{"line":106,"column":0},"end":{"line":106,"column":7}},"107":{"start":{"line":108,"column":0},"end":{"line":108,"column":21}},"108":{"start":{"line":109,"column":0},"end":{"line":109,"column":21}},"109":{"start":{"line":110,"column":0},"end":{"line":110,"column":55}},"110":{"start":{"line":111,"column":0},"end":{"line":111,"column":40}},"111":{"start":{"line":112,"column":0},"end":{"line":112,"column":34}},"112":{"start":{"line":113,"column":0},"end":{"line":113,"column":65}},"113":{"start":{"line":114,"column":0},"end":{"line":114,"column":24}},"114":{"start":{"line":115,"column":0},"end":{"line":115,"column":10}},"115":{"start":{"line":116,"column":0},"end":{"line":116,"column":7}},"117":{"start":{"line":118,"column":0},"end":{"line":118,"column":5}},"118":{"start":{"line":119,"column":0},"end":{"line":119,"column":3}},"120":{"start":{"line":121,"column":0},"end":{"line":121,"column":71}},"121":{"start":{"line":122,"column":0},"end":{"line":122,"column":1}},"126":{"start":{"line":127,"column":0},"end":{"line":127,"column":32}},"127":{"start":{"line":128,"column":0},"end":{"line":128,"column":15}},"128":{"start":{"line":129,"column":0},"end":{"line":129,"column":19}},"129":{"start":{"line":130,"column":0},"end":{"line":130,"column":40}},"130":{"start":{"line":131,"column":0},"end":{"line":131,"column":20}},"131":{"start":{"line":132,"column":0},"end":{"line":132,"column":44}},"132":{"start":{"line":133,"column":0},"end":{"line":133,"column":30}},"133":{"start":{"line":134,"column":0},"end":{"line":134,"column":80}},"134":{"start":{"line":135,"column":0},"end":{"line":135,"column":6}},"135":{"start":{"line":136,"column":0},"end":{"line":136,"column":3}},"137":{"start":{"line":138,"column":0},"end":{"line":138,"column":48}},"138":{"start":{"line":139,"column":0},"end":{"line":139,"column":39}},"140":{"start":{"line":141,"column":0},"end":{"line":141,"column":64}},"142":{"start":{"line":143,"column":0},"end":{"line":143,"column":7}},"143":{"start":{"line":144,"column":0},"end":{"line":144,"column":56}},"144":{"start":{"line":145,"column":0},"end":{"line":145,"column":20}},"145":{"start":{"line":146,"column":0},"end":{"line":146,"column":19}},"146":{"start":{"line":147,"column":0},"end":{"line":147,"column":30}},"147":{"start":{"line":148,"column":0},"end":{"line":148,"column":40}},"148":{"start":{"line":149,"column":0},"end":{"line":149,"column":20}},"149":{"start":{"line":150,"column":0},"end":{"line":150,"column":6}},"150":{"start":{"line":151,"column":0},"end":{"line":151,"column":3}},"151":{"start":{"line":152,"column":0},"end":{"line":152,"column":1}},"156":{"start":{"line":157,"column":0},"end":{"line":157,"column":32}},"157":{"start":{"line":158,"column":0},"end":{"line":158,"column":19}},"158":{"start":{"line":159,"column":0},"end":{"line":159,"column":40}},"159":{"start":{"line":160,"column":0},"end":{"line":160,"column":22}},"160":{"start":{"line":161,"column":0},"end":{"line":161,"column":7}},"161":{"start":{"line":162,"column":0},"end":{"line":162,"column":41}},"162":{"start":{"line":163,"column":0},"end":{"line":163,"column":53}},"163":{"start":{"line":164,"column":0},"end":{"line":164,"column":45}},"165":{"start":{"line":166,"column":0},"end":{"line":166,"column":28}},"166":{"start":{"line":167,"column":0},"end":{"line":167,"column":81}},"167":{"start":{"line":168,"column":0},"end":{"line":168,"column":79}},"168":{"start":{"line":169,"column":0},"end":{"line":169,"column":14}},"171":{"start":{"line":172,"column":0},"end":{"line":172,"column":17}},"172":{"start":{"line":173,"column":0},"end":{"line":173,"column":50}},"173":{"start":{"line":174,"column":0},"end":{"line":174,"column":73}},"174":{"start":{"line":175,"column":0},"end":{"line":175,"column":5}},"176":{"start":{"line":177,"column":0},"end":{"line":177,"column":24}},"177":{"start":{"line":178,"column":0},"end":{"line":178,"column":19}},"178":{"start":{"line":179,"column":0},"end":{"line":179,"column":30}},"179":{"start":{"line":180,"column":0},"end":{"line":180,"column":46}},"180":{"start":{"line":181,"column":0},"end":{"line":181,"column":20}},"181":{"start":{"line":182,"column":0},"end":{"line":182,"column":6}},"182":{"start":{"line":183,"column":0},"end":{"line":183,"column":3}},"183":{"start":{"line":184,"column":0},"end":{"line":184,"column":1}},"188":{"start":{"line":189,"column":0},"end":{"line":189,"column":39}},"189":{"start":{"line":190,"column":0},"end":{"line":190,"column":15}},"190":{"start":{"line":191,"column":0},"end":{"line":191,"column":40}},"191":{"start":{"line":192,"column":0},"end":{"line":192,"column":27}},"192":{"start":{"line":193,"column":0},"end":{"line":193,"column":48}},"193":{"start":{"line":194,"column":0},"end":{"line":194,"column":44}},"195":{"start":{"line":196,"column":0},"end":{"line":196,"column":49}},"196":{"start":{"line":197,"column":0},"end":{"line":197,"column":49}},"197":{"start":{"line":198,"column":0},"end":{"line":198,"column":9}},"198":{"start":{"line":199,"column":0},"end":{"line":199,"column":45}},"199":{"start":{"line":200,"column":0},"end":{"line":200,"column":17}},"200":{"start":{"line":201,"column":0},"end":{"line":201,"column":13}},"202":{"start":{"line":203,"column":0},"end":{"line":203,"column":5}},"203":{"start":{"line":204,"column":0},"end":{"line":204,"column":3}},"205":{"start":{"line":206,"column":0},"end":{"line":206,"column":14}},"206":{"start":{"line":207,"column":0},"end":{"line":207,"column":1}},"211":{"start":{"line":212,"column":0},"end":{"line":212,"column":33}},"212":{"start":{"line":213,"column":0},"end":{"line":213,"column":15}},"213":{"start":{"line":214,"column":0},"end":{"line":214,"column":40}},"214":{"start":{"line":215,"column":0},"end":{"line":215,"column":21}},"215":{"start":{"line":216,"column":0},"end":{"line":216,"column":48}},"216":{"start":{"line":217,"column":0},"end":{"line":217,"column":44}},"218":{"start":{"line":219,"column":0},"end":{"line":219,"column":49}},"219":{"start":{"line":220,"column":0},"end":{"line":220,"column":49}},"220":{"start":{"line":221,"column":0},"end":{"line":221,"column":9}},"221":{"start":{"line":222,"column":0},"end":{"line":222,"column":58}},"222":{"start":{"line":223,"column":0},"end":{"line":223,"column":29}},"223":{"start":{"line":224,"column":0},"end":{"line":224,"column":18}},"224":{"start":{"line":225,"column":0},"end":{"line":225,"column":21}},"225":{"start":{"line":226,"column":0},"end":{"line":226,"column":55}},"226":{"start":{"line":227,"column":0},"end":{"line":227,"column":40}},"227":{"start":{"line":228,"column":0},"end":{"line":228,"column":34}},"228":{"start":{"line":229,"column":0},"end":{"line":229,"column":45}},"229":{"start":{"line":230,"column":0},"end":{"line":230,"column":24}},"230":{"start":{"line":231,"column":0},"end":{"line":231,"column":10}},"231":{"start":{"line":232,"column":0},"end":{"line":232,"column":7}},"233":{"start":{"line":234,"column":0},"end":{"line":234,"column":5}},"234":{"start":{"line":235,"column":0},"end":{"line":235,"column":3}},"236":{"start":{"line":237,"column":0},"end":{"line":237,"column":28}},"237":{"start":{"line":238,"column":0},"end":{"line":238,"column":1}},"242":{"start":{"line":243,"column":0},"end":{"line":243,"column":33}},"243":{"start":{"line":244,"column":0},"end":{"line":244,"column":15}},"244":{"start":{"line":245,"column":0},"end":{"line":245,"column":40}},"245":{"start":{"line":246,"column":0},"end":{"line":246,"column":21}},"246":{"start":{"line":247,"column":0},"end":{"line":247,"column":7}},"247":{"start":{"line":248,"column":0},"end":{"line":248,"column":52}},"248":{"start":{"line":249,"column":0},"end":{"line":249,"column":24}},"249":{"start":{"line":250,"column":0},"end":{"line":250,"column":11}},"250":{"start":{"line":251,"column":0},"end":{"line":251,"column":17}},"251":{"start":{"line":252,"column":0},"end":{"line":252,"column":3}},"252":{"start":{"line":253,"column":0},"end":{"line":253,"column":1}},"264":{"start":{"line":265,"column":0},"end":{"line":265,"column":38}},"265":{"start":{"line":266,"column":0},"end":{"line":266,"column":40}},"266":{"start":{"line":267,"column":0},"end":{"line":267,"column":26}},"267":{"start":{"line":268,"column":0},"end":{"line":268,"column":7}},"268":{"start":{"line":269,"column":0},"end":{"line":269,"column":41}},"269":{"start":{"line":270,"column":0},"end":{"line":270,"column":53}},"270":{"start":{"line":271,"column":0},"end":{"line":271,"column":45}},"272":{"start":{"line":273,"column":0},"end":{"line":273,"column":43}},"273":{"start":{"line":274,"column":0},"end":{"line":274,"column":64}},"274":{"start":{"line":275,"column":0},"end":{"line":275,"column":6}},"276":{"start":{"line":277,"column":0},"end":{"line":277,"column":56}},"277":{"start":{"line":278,"column":0},"end":{"line":278,"column":51}},"278":{"start":{"line":279,"column":0},"end":{"line":279,"column":82}},"279":{"start":{"line":280,"column":0},"end":{"line":280,"column":5}},"282":{"start":{"line":283,"column":0},"end":{"line":283,"column":38}},"283":{"start":{"line":284,"column":0},"end":{"line":284,"column":9}},"284":{"start":{"line":285,"column":0},"end":{"line":285,"column":47}},"285":{"start":{"line":286,"column":0},"end":{"line":286,"column":35}},"286":{"start":{"line":287,"column":0},"end":{"line":287,"column":13}},"288":{"start":{"line":289,"column":0},"end":{"line":289,"column":5}},"290":{"start":{"line":291,"column":0},"end":{"line":291,"column":12}},"291":{"start":{"line":292,"column":0},"end":{"line":292,"column":35}},"292":{"start":{"line":293,"column":0},"end":{"line":293,"column":23}},"293":{"start":{"line":294,"column":0},"end":{"line":294,"column":18}},"294":{"start":{"line":295,"column":0},"end":{"line":295,"column":17}},"295":{"start":{"line":296,"column":0},"end":{"line":296,"column":6}},"296":{"start":{"line":297,"column":0},"end":{"line":297,"column":19}},"297":{"start":{"line":298,"column":0},"end":{"line":298,"column":30}},"298":{"start":{"line":299,"column":0},"end":{"line":299,"column":41}},"299":{"start":{"line":300,"column":0},"end":{"line":300,"column":20}},"300":{"start":{"line":301,"column":0},"end":{"line":301,"column":6}},"301":{"start":{"line":302,"column":0},"end":{"line":302,"column":3}},"302":{"start":{"line":303,"column":0},"end":{"line":303,"column":1}}},"s":{"0":1,"18":1,"19":1,"20":1,"21":1,"22":1,"23":1,"24":1,"29":1,"30":118,"31":4,"32":4,"34":114,"35":114,"36":114,"37":114,"39":118,"40":2,"41":2,"42":2,"43":2,"45":112,"46":112,"51":144,"52":144,"53":144,"54":144,"55":144,"56":54,"57":54,"58":54,"59":2,"60":2,"61":2,"62":2,"63":2,"64":54,"65":144,"70":34,"71":34,"72":34,"73":34,"74":0,"75":0,"76":0,"77":0,"78":34,"79":18,"80":18,"81":0,"82":0,"83":0,"84":0,"85":0,"87":18,"88":34,"93":21,"94":21,"95":21,"97":21,"98":34,"99":34,"100":34,"101":34,"103":34,"104":1,"105":1,"107":14,"108":29,"109":19,"110":19,"111":1,"112":1,"113":1,"114":1,"115":1,"117":19,"118":34,"120":6,"121":6,"126":63,"127":63,"128":63,"129":63,"130":63,"131":63,"132":4,"133":4,"134":4,"135":4,"137":59,"138":59,"140":57,"142":57,"143":57,"144":57,"145":63,"146":0,"147":0,"148":0,"149":0,"150":0,"151":63,"156":23,"157":23,"158":23,"159":23,"160":23,"161":23,"162":22,"163":22,"165":22,"166":22,"167":22,"168":22,"171":23,"172":7,"173":7,"174":7,"176":22,"177":23,"178":1,"179":1,"180":1,"181":1,"182":1,"183":23,"188":16,"189":16,"190":16,"191":16,"192":16,"193":16,"195":16,"196":24,"197":24,"198":24,"199":12,"200":12,"202":12,"203":24,"205":4,"206":4,"211":10,"212":10,"213":10,"214":10,"215":10,"216":10,"218":10,"219":14,"220":14,"221":14,"222":14,"223":8,"224":14,"225":6,"226":6,"227":0,"228":0,"229":0,"230":0,"231":0,"233":6,"234":14,"236":2,"237":2,"242":6,"243":6,"244":6,"245":6,"246":6,"247":6,"248":6,"249":6,"250":0,"251":0,"252":6,"264":10,"265":10,"266":10,"267":10,"268":10,"269":10,"270":10,"272":10,"273":9,"274":10,"276":10,"277":10,"278":30,"279":30,"282":10,"283":10,"284":10,"285":10,"286":10,"288":0,"290":10,"291":10,"292":10,"293":10,"294":10,"295":10,"296":10,"297":0,"298":0,"299":0,"300":0,"301":0,"302":10},"branchMap":{"0":{"type":"branch","line":30,"loc":{"start":{"line":30,"column":7},"end":{"line":47,"column":1}},"locations":[{"start":{"line":30,"column":7},"end":{"line":47,"column":1}}]},"1":{"type":"branch","line":31,"loc":{"start":{"line":31,"column":46},"end":{"line":33,"column":3}},"locations":[{"start":{"line":31,"column":46},"end":{"line":33,"column":3}}]},"2":{"type":"branch","line":33,"loc":{"start":{"line":33,"column":2},"end":{"line":40,"column":51}},"locations":[{"start":{"line":33,"column":2},"end":{"line":40,"column":51}}]},"3":{"type":"branch","line":40,"loc":{"start":{"line":40,"column":51},"end":{"line":44,"column":3}},"locations":[{"start":{"line":40,"column":51},"end":{"line":44,"column":3}}]},"4":{"type":"branch","line":44,"loc":{"start":{"line":44,"column":2},"end":{"line":47,"column":1}},"locations":[{"start":{"line":44,"column":2},"end":{"line":47,"column":1}}]},"5":{"type":"branch","line":52,"loc":{"start":{"line":52,"column":0},"end":{"line":66,"column":1}},"locations":[{"start":{"line":52,"column":0},"end":{"line":66,"column":1}}]},"6":{"type":"branch","line":55,"loc":{"start":{"line":55,"column":44},"end":{"line":56,"column":10}},"locations":[{"start":{"line":55,"column":44},"end":{"line":56,"column":10}}]},"7":{"type":"branch","line":56,"loc":{"start":{"line":56,"column":2},"end":{"line":65,"column":3}},"locations":[{"start":{"line":56,"column":2},"end":{"line":65,"column":3}}]},"8":{"type":"branch","line":58,"loc":{"start":{"line":58,"column":50},"end":{"line":59,"column":13}},"locations":[{"start":{"line":58,"column":50},"end":{"line":59,"column":13}}]},"9":{"type":"branch","line":59,"loc":{"start":{"line":59,"column":4},"end":{"line":64,"column":5}},"locations":[{"start":{"line":59,"column":4},"end":{"line":64,"column":5}}]},"10":{"type":"branch","line":71,"loc":{"start":{"line":71,"column":0},"end":{"line":89,"column":1}},"locations":[{"start":{"line":71,"column":0},"end":{"line":89,"column":1}}]},"11":{"type":"branch","line":73,"loc":{"start":{"line":73,"column":37},"end":{"line":74,"column":41}},"locations":[{"start":{"line":73,"column":37},"end":{"line":74,"column":41}}]},"12":{"type":"branch","line":74,"loc":{"start":{"line":74,"column":41},"end":{"line":78,"column":5}},"locations":[{"start":{"line":74,"column":41},"end":{"line":78,"column":5}}]},"13":{"type":"branch","line":79,"loc":{"start":{"line":79,"column":2},"end":{"line":88,"column":3}},"locations":[{"start":{"line":79,"column":2},"end":{"line":88,"column":3}}]},"14":{"type":"branch","line":81,"loc":{"start":{"line":81,"column":37},"end":{"line":86,"column":5}},"locations":[{"start":{"line":81,"column":37},"end":{"line":86,"column":5}}]},"15":{"type":"branch","line":94,"loc":{"start":{"line":94,"column":0},"end":{"line":122,"column":1}},"locations":[{"start":{"line":94,"column":0},"end":{"line":122,"column":1}}]},"16":{"type":"branch","line":98,"loc":{"start":{"line":98,"column":48},"end":{"line":119,"column":3}},"locations":[{"start":{"line":98,"column":48},"end":{"line":119,"column":3}}]},"17":{"type":"branch","line":102,"loc":{"start":{"line":102,"column":62},"end":{"line":104,"column":27}},"locations":[{"start":{"line":102,"column":62},"end":{"line":104,"column":27}}]},"18":{"type":"branch","line":104,"loc":{"start":{"line":104,"column":27},"end":{"line":106,"column":7}},"locations":[{"start":{"line":104,"column":27},"end":{"line":106,"column":7}}]},"19":{"type":"branch","line":106,"loc":{"start":{"line":106,"column":6},"end":{"line":118,"column":5}},"locations":[{"start":{"line":106,"column":6},"end":{"line":118,"column":5}}]},"20":{"type":"branch","line":106,"loc":{"start":{"line":106,"column":6},"end":{"line":109,"column":13}},"locations":[{"start":{"line":106,"column":6},"end":{"line":109,"column":13}}]},"21":{"type":"branch","line":109,"loc":{"start":{"line":109,"column":4},"end":{"line":118,"column":5}},"locations":[{"start":{"line":109,"column":4},"end":{"line":118,"column":5}}]},"22":{"type":"branch","line":111,"loc":{"start":{"line":111,"column":39},"end":{"line":116,"column":7}},"locations":[{"start":{"line":111,"column":39},"end":{"line":116,"column":7}}]},"23":{"type":"branch","line":119,"loc":{"start":{"line":119,"column":2},"end":{"line":122,"column":1}},"locations":[{"start":{"line":119,"column":2},"end":{"line":122,"column":1}}]},"24":{"type":"branch","line":127,"loc":{"start":{"line":127,"column":0},"end":{"line":152,"column":1}},"locations":[{"start":{"line":127,"column":0},"end":{"line":152,"column":1}}]},"25":{"type":"branch","line":132,"loc":{"start":{"line":132,"column":43},"end":{"line":136,"column":3}},"locations":[{"start":{"line":132,"column":43},"end":{"line":136,"column":3}}]},"26":{"type":"branch","line":136,"loc":{"start":{"line":136,"column":2},"end":{"line":146,"column":11}},"locations":[{"start":{"line":136,"column":2},"end":{"line":146,"column":11}}]},"27":{"type":"branch","line":136,"loc":{"start":{"line":136,"column":2},"end":{"line":139,"column":39}},"locations":[{"start":{"line":136,"column":2},"end":{"line":139,"column":39}}]},"28":{"type":"branch","line":139,"loc":{"start":{"line":139,"column":37},"end":{"line":146,"column":11}},"locations":[{"start":{"line":139,"column":37},"end":{"line":146,"column":11}}]},"29":{"type":"branch","line":146,"loc":{"start":{"line":146,"column":2},"end":{"line":151,"column":3}},"locations":[{"start":{"line":146,"column":2},"end":{"line":151,"column":3}}]},"30":{"type":"branch","line":157,"loc":{"start":{"line":157,"column":0},"end":{"line":184,"column":1}},"locations":[{"start":{"line":157,"column":0},"end":{"line":184,"column":1}}]},"31":{"type":"branch","line":162,"loc":{"start":{"line":162,"column":39},"end":{"line":172,"column":16}},"locations":[{"start":{"line":162,"column":39},"end":{"line":172,"column":16}}]},"32":{"type":"branch","line":172,"loc":{"start":{"line":172,"column":16},"end":{"line":175,"column":5}},"locations":[{"start":{"line":172,"column":16},"end":{"line":175,"column":5}}]},"33":{"type":"branch","line":175,"loc":{"start":{"line":175,"column":4},"end":{"line":178,"column":11}},"locations":[{"start":{"line":175,"column":4},"end":{"line":178,"column":11}}]},"34":{"type":"branch","line":178,"loc":{"start":{"line":178,"column":2},"end":{"line":183,"column":3}},"locations":[{"start":{"line":178,"column":2},"end":{"line":183,"column":3}}]},"35":{"type":"branch","line":167,"loc":{"start":{"line":167,"column":14},"end":{"line":167,"column":80}},"locations":[{"start":{"line":167,"column":14},"end":{"line":167,"column":80}}]},"36":{"type":"branch","line":167,"loc":{"start":{"line":167,"column":54},"end":{"line":167,"column":79}},"locations":[{"start":{"line":167,"column":54},"end":{"line":167,"column":79}}]},"37":{"type":"branch","line":168,"loc":{"start":{"line":168,"column":11},"end":{"line":168,"column":78}},"locations":[{"start":{"line":168,"column":11},"end":{"line":168,"column":78}}]},"38":{"type":"branch","line":174,"loc":{"start":{"line":174,"column":41},"end":{"line":174,"column":71}},"locations":[{"start":{"line":174,"column":41},"end":{"line":174,"column":71}}]},"39":{"type":"branch","line":189,"loc":{"start":{"line":189,"column":0},"end":{"line":207,"column":1}},"locations":[{"start":{"line":189,"column":0},"end":{"line":207,"column":1}}]},"40":{"type":"branch","line":196,"loc":{"start":{"line":196,"column":48},"end":{"line":204,"column":3}},"locations":[{"start":{"line":196,"column":48},"end":{"line":204,"column":3}}]},"41":{"type":"branch","line":199,"loc":{"start":{"line":199,"column":43},"end":{"line":203,"column":5}},"locations":[{"start":{"line":199,"column":43},"end":{"line":203,"column":5}}]},"42":{"type":"branch","line":204,"loc":{"start":{"line":204,"column":2},"end":{"line":207,"column":1}},"locations":[{"start":{"line":204,"column":2},"end":{"line":207,"column":1}}]},"43":{"type":"branch","line":212,"loc":{"start":{"line":212,"column":0},"end":{"line":238,"column":1}},"locations":[{"start":{"line":212,"column":0},"end":{"line":238,"column":1}}]},"44":{"type":"branch","line":219,"loc":{"start":{"line":219,"column":48},"end":{"line":235,"column":3}},"locations":[{"start":{"line":219,"column":48},"end":{"line":235,"column":3}}]},"45":{"type":"branch","line":223,"loc":{"start":{"line":223,"column":27},"end":{"line":225,"column":13}},"locations":[{"start":{"line":223,"column":27},"end":{"line":225,"column":13}}]},"46":{"type":"branch","line":225,"loc":{"start":{"line":225,"column":4},"end":{"line":234,"column":5}},"locations":[{"start":{"line":225,"column":4},"end":{"line":234,"column":5}}]},"47":{"type":"branch","line":227,"loc":{"start":{"line":227,"column":39},"end":{"line":232,"column":7}},"locations":[{"start":{"line":227,"column":39},"end":{"line":232,"column":7}}]},"48":{"type":"branch","line":235,"loc":{"start":{"line":235,"column":2},"end":{"line":238,"column":1}},"locations":[{"start":{"line":235,"column":2},"end":{"line":238,"column":1}}]},"49":{"type":"branch","line":243,"loc":{"start":{"line":243,"column":0},"end":{"line":253,"column":1}},"locations":[{"start":{"line":243,"column":0},"end":{"line":253,"column":1}}]},"50":{"type":"branch","line":250,"loc":{"start":{"line":250,"column":2},"end":{"line":252,"column":3}},"locations":[{"start":{"line":250,"column":2},"end":{"line":252,"column":3}}]},"51":{"type":"branch","line":265,"loc":{"start":{"line":265,"column":0},"end":{"line":303,"column":1}},"locations":[{"start":{"line":265,"column":0},"end":{"line":303,"column":1}}]},"52":{"type":"branch","line":278,"loc":{"start":{"line":278,"column":50},"end":{"line":280,"column":5}},"locations":[{"start":{"line":278,"column":50},"end":{"line":280,"column":5}}]},"53":{"type":"branch","line":287,"loc":{"start":{"line":287,"column":4},"end":{"line":289,"column":5}},"locations":[{"start":{"line":287,"column":4},"end":{"line":289,"column":5}}]},"54":{"type":"branch","line":297,"loc":{"start":{"line":297,"column":2},"end":{"line":302,"column":3}},"locations":[{"start":{"line":297,"column":2},"end":{"line":302,"column":3}}]},"55":{"type":"branch","line":273,"loc":{"start":{"line":273,"column":35},"end":{"line":274,"column":64}},"locations":[{"start":{"line":273,"column":35},"end":{"line":274,"column":64}}]},"56":{"type":"branch","line":274,"loc":{"start":{"line":274,"column":38},"end":{"line":274,"column":63}},"locations":[{"start":{"line":274,"column":38},"end":{"line":274,"column":63}}]},"57":{"type":"branch","line":279,"loc":{"start":{"line":279,"column":47},"end":{"line":279,"column":73}},"locations":[{"start":{"line":279,"column":47},"end":{"line":279,"column":73}}]}},"b":{"0":[118],"1":[4],"2":[114],"3":[2],"4":[112],"5":[144],"6":[90],"7":[54],"8":[52],"9":[2],"10":[34],"11":[16],"12":[0],"13":[18],"14":[0],"15":[21],"16":[34],"17":[15],"18":[1],"19":[29],"20":[14],"21":[19],"22":[1],"23":[6],"24":[63],"25":[4],"26":[61],"27":[59],"28":[57],"29":[0],"30":[23],"31":[22],"32":[7],"33":[22],"34":[1],"35":[27],"36":[27],"37":[27],"38":[15],"39":[16],"40":[24],"41":[12],"42":[4],"43":[10],"44":[14],"45":[8],"46":[6],"47":[0],"48":[2],"49":[6],"50":[0],"51":[10],"52":[30],"53":[0],"54":[0],"55":[9],"56":[13],"57":[27]},"fnMap":{"0":{"name":"sanitizePackageName","decl":{"start":{"line":30,"column":7},"end":{"line":47,"column":1}},"loc":{"start":{"line":30,"column":7},"end":{"line":47,"column":1}},"line":30},"1":{"name":"ensureCatalogDirectory","decl":{"start":{"line":52,"column":0},"end":{"line":66,"column":1}},"loc":{"start":{"line":52,"column":0},"end":{"line":66,"column":1}},"line":52},"2":{"name":"validateFileSize","decl":{"start":{"line":71,"column":0},"end":{"line":89,"column":1}},"loc":{"start":{"line":71,"column":0},"end":{"line":89,"column":1}},"line":71},"3":{"name":"readSpec","decl":{"start":{"line":94,"column":0},"end":{"line":122,"column":1}},"loc":{"start":{"line":94,"column":0},"end":{"line":122,"column":1}},"line":94},"4":{"name":"writeSpec","decl":{"start":{"line":127,"column":0},"end":{"line":152,"column":1}},"loc":{"start":{"line":127,"column":0},"end":{"line":152,"column":1}},"line":127},"5":{"name":"listSpecs","decl":{"start":{"line":157,"column":0},"end":{"line":184,"column":1}},"loc":{"start":{"line":157,"column":0},"end":{"line":184,"column":1}},"line":157},"6":{"name":"getSpecExtension","decl":{"start":{"line":189,"column":0},"end":{"line":207,"column":1}},"loc":{"start":{"line":189,"column":0},"end":{"line":207,"column":1}},"line":189},"7":{"name":"deleteSpec","decl":{"start":{"line":212,"column":0},"end":{"line":238,"column":1}},"loc":{"start":{"line":212,"column":0},"end":{"line":238,"column":1}},"line":212},"8":{"name":"specExists","decl":{"start":{"line":243,"column":0},"end":{"line":253,"column":1}},"loc":{"start":{"line":243,"column":0},"end":{"line":253,"column":1}},"line":243},"9":{"name":"getCatalogStats","decl":{"start":{"line":265,"column":0},"end":{"line":303,"column":1}},"loc":{"start":{"line":265,"column":0},"end":{"line":303,"column":1}},"line":265}},"f":{"0":118,"1":144,"2":34,"3":21,"4":63,"5":23,"6":16,"7":10,"8":6,"9":10}}
,"/Users/sware/Projects/github.com/kotsutsumi/fluorite-mcp/src/core/handlers.ts": {"path":"/Users/sware/Projects/github.com/kotsutsumi/fluorite-mcp/src/core/handlers.ts","all":false,"statementMap":{"0":{"start":{"line":1,"column":0},"end":{"line":1,"column":3}},"10":{"start":{"line":11,"column":0},"end":{"line":11,"column":60}},"11":{"start":{"line":12,"column":0},"end":{"line":12,"column":52}},"12":{"start":{"line":13,"column":0},"end":{"line":13,"column":64}},"21":{"start":{"line":22,"column":0},"end":{"line":22,"column":56}},"22":{"start":{"line":23,"column":0},"end":{"line":23,"column":66}},"23":{"start":{"line":24,"column":0},"end":{"line":24,"column":1}},"29":{"start":{"line":30,"column":0},"end":{"line":30,"column":41}},"30":{"start":{"line":31,"column":0},"end":{"line":31,"column":25}},"31":{"start":{"line":32,"column":0},"end":{"line":32,"column":40}},"32":{"start":{"line":33,"column":0},"end":{"line":33,"column":3}},"33":{"start":{"line":34,"column":0},"end":{"line":34,"column":56}},"35":{"start":{"line":36,"column":0},"end":{"line":36,"column":93}},"36":{"start":{"line":37,"column":0},"end":{"line":37,"column":9}},"37":{"start":{"line":38,"column":0},"end":{"line":38,"column":58}},"38":{"start":{"line":39,"column":0},"end":{"line":39,"column":20}},"39":{"start":{"line":40,"column":0},"end":{"line":40,"column":35}},"40":{"start":{"line":41,"column":0},"end":{"line":41,"column":9}},"42":{"start":{"line":43,"column":0},"end":{"line":43,"column":25}},"43":{"start":{"line":44,"column":0},"end":{"line":44,"column":70}},"44":{"start":{"line":45,"column":0},"end":{"line":45,"column":77}},"45":{"start":{"line":46,"column":0},"end":{"line":46,"column":36}},"46":{"start":{"line":47,"column":0},"end":{"line":47,"column":11}},"47":{"start":{"line":48,"column":0},"end":{"line":48,"column":20}},"48":{"start":{"line":49,"column":0},"end":{"line":49,"column":7}},"50":{"start":{"line":51,"column":0},"end":{"line":51,"column":58}},"51":{"start":{"line":52,"column":0},"end":{"line":52,"column":104}},"53":{"start":{"line":54,"column":0},"end":{"line":54,"column":70}},"54":{"start":{"line":55,"column":0},"end":{"line":55,"column":20}},"55":{"start":{"line":56,"column":0},"end":{"line":56,"column":35}},"56":{"start":{"line":57,"column":0},"end":{"line":57,"column":38}},"57":{"start":{"line":58,"column":0},"end":{"line":58,"column":66}},"58":{"start":{"line":59,"column":0},"end":{"line":59,"column":9}},"60":{"start":{"line":61,"column":0},"end":{"line":61,"column":14}},"61":{"start":{"line":62,"column":0},"end":{"line":62,"column":20}},"62":{"start":{"line":63,"column":0},"end":{"line":63,"column":39}},"63":{"start":{"line":64,"column":0},"end":{"line":64,"column":24}},"64":{"start":{"line":65,"column":0},"end":{"line":65,"column":68}},"65":{"start":{"line":66,"column":0},"end":{"line":66,"column":10}},"66":{"start":{"line":67,"column":0},"end":{"line":67,"column":8}},"67":{"start":{"line":68,"column":0},"end":{"line":68,"column":21}},"68":{"start":{"line":69,"column":0},"end":{"line":69,"column":95}},"69":{"start":{"line":70,"column":0},"end":{"line":70,"column":23}},"70":{"start":{"line":71,"column":0},"end":{"line":71,"column":101}},"72":{"start":{"line":73,"column":0},"end":{"line":73,"column":71}},"73":{"start":{"line":74,"column":0},"end":{"line":74,"column":20}},"74":{"start":{"line":75,"column":0},"end":{"line":75,"column":34}},"75":{"start":{"line":76,"column":0},"end":{"line":76,"column":9}},"78":{"start":{"line":79,"column":0},"end":{"line":79,"column":14}},"79":{"start":{"line":80,"column":0},"end":{"line":80,"column":20}},"80":{"start":{"line":81,"column":0},"end":{"line":81,"column":39}},"81":{"start":{"line":82,"column":0},"end":{"line":82,"column":28}},"82":{"start":{"line":83,"column":0},"end":{"line":83,"column":10}},"83":{"start":{"line":84,"column":0},"end":{"line":84,"column":8}},"84":{"start":{"line":85,"column":0},"end":{"line":85,"column":5}},"85":{"start":{"line":86,"column":0},"end":{"line":86,"column":5}},"86":{"start":{"line":87,"column":0},"end":{"line":87,"column":1}},"96":{"start":{"line":97,"column":0},"end":{"line":97,"column":43}},"97":{"start":{"line":98,"column":0},"end":{"line":98,"column":25}},"98":{"start":{"line":99,"column":0},"end":{"line":99,"column":40}},"99":{"start":{"line":100,"column":0},"end":{"line":100,"column":3}},"100":{"start":{"line":101,"column":0},"end":{"line":101,"column":30}},"102":{"start":{"line":103,"column":0},"end":{"line":103,"column":66}},"103":{"start":{"line":104,"column":0},"end":{"line":104,"column":9}},"104":{"start":{"line":105,"column":0},"end":{"line":105,"column":51}},"105":{"start":{"line":106,"column":0},"end":{"line":106,"column":25}},"106":{"start":{"line":107,"column":0},"end":{"line":107,"column":33}},"107":{"start":{"line":108,"column":0},"end":{"line":108,"column":29}},"108":{"start":{"line":109,"column":0},"end":{"line":109,"column":9}},"110":{"start":{"line":111,"column":0},"end":{"line":111,"column":58}},"112":{"start":{"line":113,"column":0},"end":{"line":113,"column":53}},"113":{"start":{"line":114,"column":0},"end":{"line":114,"column":25}},"114":{"start":{"line":115,"column":0},"end":{"line":115,"column":33}},"115":{"start":{"line":116,"column":0},"end":{"line":116,"column":17}},"116":{"start":{"line":117,"column":0},"end":{"line":117,"column":29}},"117":{"start":{"line":118,"column":0},"end":{"line":118,"column":9}},"119":{"start":{"line":120,"column":0},"end":{"line":120,"column":14}},"120":{"start":{"line":121,"column":0},"end":{"line":121,"column":19}},"121":{"start":{"line":122,"column":0},"end":{"line":122,"column":32}},"122":{"start":{"line":123,"column":0},"end":{"line":123,"column":79}},"123":{"start":{"line":124,"column":0},"end":{"line":124,"column":10}},"124":{"start":{"line":125,"column":0},"end":{"line":125,"column":8}},"125":{"start":{"line":126,"column":0},"end":{"line":126,"column":21}},"126":{"start":{"line":127,"column":0},"end":{"line":127,"column":95}},"127":{"start":{"line":128,"column":0},"end":{"line":128,"column":23}},"128":{"start":{"line":129,"column":0},"end":{"line":129,"column":100}},"130":{"start":{"line":131,"column":0},"end":{"line":131,"column":62}},"131":{"start":{"line":132,"column":0},"end":{"line":132,"column":25}},"132":{"start":{"line":133,"column":0},"end":{"line":133,"column":33}},"133":{"start":{"line":134,"column":0},"end":{"line":134,"column":29}},"134":{"start":{"line":135,"column":0},"end":{"line":135,"column":9}},"136":{"start":{"line":137,"column":0},"end":{"line":137,"column":14}},"137":{"start":{"line":138,"column":0},"end":{"line":138,"column":19}},"138":{"start":{"line":139,"column":0},"end":{"line":139,"column":32}},"139":{"start":{"line":140,"column":0},"end":{"line":140,"column":28}},"140":{"start":{"line":141,"column":0},"end":{"line":141,"column":11}},"141":{"start":{"line":142,"column":0},"end":{"line":142,"column":21}},"142":{"start":{"line":143,"column":0},"end":{"line":143,"column":8}},"143":{"start":{"line":144,"column":0},"end":{"line":144,"column":5}},"144":{"start":{"line":145,"column":0},"end":{"line":145,"column":5}},"145":{"start":{"line":146,"column":0},"end":{"line":146,"column":1}},"154":{"start":{"line":155,"column":0},"end":{"line":155,"column":42}},"155":{"start":{"line":156,"column":0},"end":{"line":156,"column":29}},"156":{"start":{"line":157,"column":0},"end":{"line":157,"column":40}},"157":{"start":{"line":158,"column":0},"end":{"line":158,"column":3}},"158":{"start":{"line":159,"column":0},"end":{"line":159,"column":27}},"160":{"start":{"line":161,"column":0},"end":{"line":161,"column":96}},"161":{"start":{"line":162,"column":0},"end":{"line":162,"column":9}},"162":{"start":{"line":163,"column":0},"end":{"line":163,"column":50}},"163":{"start":{"line":164,"column":0},"end":{"line":164,"column":15}},"164":{"start":{"line":165,"column":0},"end":{"line":165,"column":31}},"165":{"start":{"line":166,"column":0},"end":{"line":166,"column":9}},"167":{"start":{"line":168,"column":0},"end":{"line":168,"column":52}},"169":{"start":{"line":170,"column":0},"end":{"line":170,"column":31}},"170":{"start":{"line":171,"column":0},"end":{"line":171,"column":31}},"171":{"start":{"line":172,"column":0},"end":{"line":172,"column":66}},"172":{"start":{"line":173,"column":0},"end":{"line":173,"column":49}},"174":{"start":{"line":175,"column":0},"end":{"line":175,"column":65}},"175":{"start":{"line":176,"column":0},"end":{"line":176,"column":17}},"176":{"start":{"line":177,"column":0},"end":{"line":177,"column":34}},"177":{"start":{"line":178,"column":0},"end":{"line":178,"column":24}},"178":{"start":{"line":179,"column":0},"end":{"line":179,"column":11}},"180":{"start":{"line":181,"column":0},"end":{"line":181,"column":16}},"181":{"start":{"line":182,"column":0},"end":{"line":182,"column":21}},"182":{"start":{"line":183,"column":0},"end":{"line":183,"column":34}},"183":{"start":{"line":184,"column":0},"end":{"line":184,"column":25}},"184":{"start":{"line":185,"column":0},"end":{"line":185,"column":12}},"185":{"start":{"line":186,"column":0},"end":{"line":186,"column":10}},"186":{"start":{"line":187,"column":0},"end":{"line":187,"column":7}},"188":{"start":{"line":189,"column":0},"end":{"line":189,"column":60}},"189":{"start":{"line":190,"column":0},"end":{"line":190,"column":15}},"190":{"start":{"line":191,"column":0},"end":{"line":191,"column":32}},"191":{"start":{"line":192,"column":0},"end":{"line":192,"column":33}},"192":{"start":{"line":193,"column":0},"end":{"line":193,"column":9}},"194":{"start":{"line":195,"column":0},"end":{"line":195,"column":86}},"195":{"start":{"line":196,"column":0},"end":{"line":196,"column":14}},"196":{"start":{"line":197,"column":0},"end":{"line":197,"column":19}},"197":{"start":{"line":198,"column":0},"end":{"line":198,"column":32}},"198":{"start":{"line":199,"column":0},"end":{"line":199,"column":22}},"199":{"start":{"line":200,"column":0},"end":{"line":200,"column":10}},"200":{"start":{"line":201,"column":0},"end":{"line":201,"column":8}},"201":{"start":{"line":202,"column":0},"end":{"line":202,"column":21}},"202":{"start":{"line":203,"column":0},"end":{"line":203,"column":95}},"203":{"start":{"line":204,"column":0},"end":{"line":204,"column":23}},"204":{"start":{"line":205,"column":0},"end":{"line":205,"column":102}},"206":{"start":{"line":207,"column":0},"end":{"line":207,"column":61}},"207":{"start":{"line":208,"column":0},"end":{"line":208,"column":15}},"208":{"start":{"line":209,"column":0},"end":{"line":209,"column":31}},"209":{"start":{"line":210,"column":0},"end":{"line":210,"column":9}},"211":{"start":{"line":212,"column":0},"end":{"line":212,"column":14}},"212":{"start":{"line":213,"column":0},"end":{"line":213,"column":19}},"213":{"start":{"line":214,"column":0},"end":{"line":214,"column":32}},"214":{"start":{"line":215,"column":0},"end":{"line":215,"column":28}},"215":{"start":{"line":216,"column":0},"end":{"line":216,"column":11}},"216":{"start":{"line":217,"column":0},"end":{"line":217,"column":21}},"217":{"start":{"line":218,"column":0},"end":{"line":218,"column":8}},"218":{"start":{"line":219,"column":0},"end":{"line":219,"column":5}},"219":{"start":{"line":220,"column":0},"end":{"line":220,"column":5}},"220":{"start":{"line":221,"column":0},"end":{"line":221,"column":1}},"225":{"start":{"line":226,"column":0},"end":{"line":226,"column":45}},"226":{"start":{"line":227,"column":0},"end":{"line":227,"column":40}},"227":{"start":{"line":228,"column":0},"end":{"line":228,"column":3}},"228":{"start":{"line":229,"column":0},"end":{"line":229,"column":61}},"229":{"start":{"line":230,"column":0},"end":{"line":230,"column":9}},"230":{"start":{"line":231,"column":0},"end":{"line":231,"column":53}},"231":{"start":{"line":232,"column":0},"end":{"line":232,"column":34}},"232":{"start":{"line":233,"column":0},"end":{"line":233,"column":9}},"234":{"start":{"line":235,"column":0},"end":{"line":235,"column":50}},"236":{"start":{"line":237,"column":0},"end":{"line":237,"column":63}},"237":{"start":{"line":238,"column":0},"end":{"line":238,"column":35}},"238":{"start":{"line":239,"column":0},"end":{"line":239,"column":37}},"239":{"start":{"line":240,"column":0},"end":{"line":240,"column":39}},"240":{"start":{"line":241,"column":0},"end":{"line":241,"column":55}},"241":{"start":{"line":242,"column":0},"end":{"line":242,"column":9}},"243":{"start":{"line":244,"column":0},"end":{"line":244,"column":22}},"244":{"start":{"line":245,"column":0},"end":{"line":245,"column":30}},"245":{"start":{"line":246,"column":0},"end":{"line":246,"column":54}},"246":{"start":{"line":247,"column":0},"end":{"line":247,"column":43}},"247":{"start":{"line":248,"column":0},"end":{"line":248,"column":26}},"248":{"start":{"line":249,"column":0},"end":{"line":249,"column":96}},"249":{"start":{"line":250,"column":0},"end":{"line":250,"column":85}},"250":{"start":{"line":251,"column":0},"end":{"line":251,"column":35}},"252":{"start":{"line":253,"column":0},"end":{"line":253,"column":14}},"253":{"start":{"line":254,"column":0},"end":{"line":254,"column":19}},"254":{"start":{"line":255,"column":0},"end":{"line":255,"column":32}},"255":{"start":{"line":256,"column":0},"end":{"line":256,"column":22}},"256":{"start":{"line":257,"column":0},"end":{"line":257,"column":10}},"257":{"start":{"line":258,"column":0},"end":{"line":258,"column":8}},"258":{"start":{"line":259,"column":0},"end":{"line":259,"column":21}},"259":{"start":{"line":260,"column":0},"end":{"line":260,"column":95}},"260":{"start":{"line":261,"column":0},"end":{"line":261,"column":23}},"261":{"start":{"line":262,"column":0},"end":{"line":262,"column":106}},"263":{"start":{"line":264,"column":0},"end":{"line":264,"column":64}},"264":{"start":{"line":265,"column":0},"end":{"line":265,"column":34}},"265":{"start":{"line":266,"column":0},"end":{"line":266,"column":9}},"267":{"start":{"line":268,"column":0},"end":{"line":268,"column":14}},"268":{"start":{"line":269,"column":0},"end":{"line":269,"column":19}},"269":{"start":{"line":270,"column":0},"end":{"line":270,"column":32}},"270":{"start":{"line":271,"column":0},"end":{"line":271,"column":28}},"271":{"start":{"line":272,"column":0},"end":{"line":272,"column":11}},"272":{"start":{"line":273,"column":0},"end":{"line":273,"column":21}},"273":{"start":{"line":274,"column":0},"end":{"line":274,"column":8}},"274":{"start":{"line":275,"column":0},"end":{"line":275,"column":5}},"275":{"start":{"line":276,"column":0},"end":{"line":276,"column":5}},"276":{"start":{"line":277,"column":0},"end":{"line":277,"column":1}},"281":{"start":{"line":282,"column":0},"end":{"line":282,"column":93}},"282":{"start":{"line":283,"column":0},"end":{"line":283,"column":45}},"283":{"start":{"line":284,"column":0},"end":{"line":284,"column":118}},"285":{"start":{"line":286,"column":0},"end":{"line":286,"column":63}},"286":{"start":{"line":287,"column":0},"end":{"line":287,"column":9}},"287":{"start":{"line":288,"column":0},"end":{"line":288,"column":63}},"288":{"start":{"line":289,"column":0},"end":{"line":289,"column":31}},"289":{"start":{"line":290,"column":0},"end":{"line":290,"column":28}},"290":{"start":{"line":291,"column":0},"end":{"line":291,"column":9}},"291":{"start":{"line":292,"column":0},"end":{"line":292,"column":58}},"294":{"start":{"line":295,"column":0},"end":{"line":295,"column":47}},"295":{"start":{"line":296,"column":0},"end":{"line":296,"column":88}},"296":{"start":{"line":297,"column":0},"end":{"line":297,"column":63}},"297":{"start":{"line":298,"column":0},"end":{"line":298,"column":31}},"298":{"start":{"line":299,"column":0},"end":{"line":299,"column":77}},"299":{"start":{"line":300,"column":0},"end":{"line":300,
[...]
}]},"1":{"type":"branch","line":58,"loc":{"start":{"line":58,"column":2},"end":{"line":60,"column":3}},"locations":[{"start":{"line":58,"column":2},"end":{"line":60,"column":3}}]},"2":{"type":"branch","line":62,"loc":{"start":{"line":62,"column":10},"end":{"line":64,"column":3}},"locations":[{"start":{"line":62,"column":10},"end":{"line":64,"column":3}}]},"3":{"type":"branch","line":66,"loc":{"start":{"line":66,"column":10},"end":{"line":94,"column":3}},"locations":[{"start":{"line":66,"column":10},"end":{"line":94,"column":3}}]},"4":{"type":"branch","line":77,"loc":{"start":{"line":77,"column":18},"end":{"line":77,"column":48}},"locations":[{"start":{"line":77,"column":18},"end":{"line":77,"column":48}}]},"5":{"type":"branch","line":77,"loc":{"start":{"line":77,"column":38},"end":{"line":77,"column":69}},"locations":[{"start":{"line":77,"column":38},"end":{"line":77,"column":69}}]},"6":{"type":"branch","line":77,"loc":{"start":{"line":77,"column":58},"end":{"line":77,"column":88}},"locations":[{"start":{"line":77,"column":58},"end":{"line":77,"column":88}}]},"7":{"type":"branch","line":77,"loc":{"start":{"line":77,"column":88},"end":{"line":79,"column":5}},"locations":[{"start":{"line":77,"column":88},"end":{"line":79,"column":5}}]},"8":{"type":"branch","line":82,"loc":{"start":{"line":82,"column":18},"end":{"line":82,"column":49}},"locations":[{"start":{"line":82,"column":18},"end":{"line":82,"column":49}}]},"9":{"type":"branch","line":82,"loc":{"start":{"line":82,"column":28},"end":{"line":82,"column":49}},"locations":[{"start":{"line":82,"column":28},"end":{"line":82,"column":49}}]},"10":{"type":"branch","line":82,"loc":{"start":{"line":82,"column":49},"end":{"line":87,"column":5}},"locations":[{"start":{"line":82,"column":49},"end":{"line":87,"column":5}}]},"11":{"type":"branch","line":89,"loc":{"start":{"line":89,"column":18},"end":{"line":89,"column":48}},"locations":[{"start":{"line":89,"column":18},"end":{"line":89,"column":48}}]},"12":{"type":"branch","line":89,"loc":{"start":{"line":89,"column":48},"end":{"line":91,"column":5}},"locations":[{"start":{"line":89,"column":48},"end":{"line":91,"column":5}}]},"13":{"type":"branch","line":96,"loc":{"start":{"line":96,"column":10},"end":{"line":119,"column":3}},"locations":[{"start":{"line":96,"column":10},"end":{"line":119,"column":3}}]},"14":{"type":"branch","line":97,"loc":{"start":{"line":97,"column":36},"end":{"line":97,"column":43}},"locations":[{"start":{"line":97,"column":36},"end":{"line":97,"column":43}}]},"15":{"type":"branch","line":97,"loc":{"start":{"line":97,"column":36},"end":{"line":99,"column":38}},"locations":[{"start":{"line":97,"column":36},"end":{"line":99,"column":38}}]},"16":{"type":"branch","line":99,"loc":{"start":{"line":99,"column":38},"end":{"line":102,"column":11}},"locations":[{"start":{"line":99,"column":38},"end":{"line":102,"column":11}}]},"17":{"type":"branch","line":102,"loc":{"start":{"line":102,"column":4},"end":{"line":118,"column":5}},"locations":[{"start":{"line":102,"column":4},"end":{"line":118,"column":5}}]},"18":{"type":"branch","line":106,"loc":{"start":{"line":106,"column":61},"end":{"line":106,"column":70}},"locations":[{"start":{"line":106,"column":61},"end":{"line":106,"column":70}}]},"19":{"type":"branch","line":107,"loc":{"start":{"line":107,"column":61},"end":{"line":107,"column":70}},"locations":[{"start":{"line":107,"column":61},"end":{"line":107,"column":70}}]},"20":{"type":"branch","line":108,"loc":{"start":{"line":108,"column":29},"end":{"line":108,"column":67}},"locations":[{"start":{"line":108,"column":29},"end":{"line":108,"column":67}}]},"21":{"type":"branch","line":108,"loc":{"start":{"line":108,"column":59},"end":{"line":108,"column":70}},"locations":[{"start":{"line":108,"column":59},"end":{"line":108,"column":70}}]},"22":{"type":"branch","line":115,"loc":{"start":{"line":115,"column":16},"end":{"line":115,"column":30}},"locations":[{"start":{"line":115,"column":16},"end":{"line":115,"column":30}}]},"23":{"type":"branch","line":115,"loc":{"start":{"line":115,"column":30},"end":{"line":117,"column":7}},"locations":[{"start":{"line":115,"column":30},"end":{"line":117,"column":7}}]},"24":{"type":"branch","line":126,"loc":{"start":{"line":126,"column":2},"end":{"line":129,"column":3}},"locations":[{"start":{"line":126,"column":2},"end":{"line":129,"column":3}}]},"25":{"type":"branch","line":127,"loc":{"start":{"line":127,"column":34},"end":{"line":128,"column":64}},"locations":[{"start":{"line":127,"column":34},"end":{"line":128,"column":64}}]},"26":{"type":"branch","line":127,"loc":{"start":{"line":127,"column":34},"end":{"line":128,"column":64}},"locations":[{"start":{"line":127,"column":34},"end":{"line":128,"column":64}}]},"27":{"type":"branch","line":131,"loc":{"start":{"line":131,"column":2},"end":{"line":134,"column":3}},"locations":[{"start":{"line":131,"column":2},"end":{"line":134,"column":3}}]},"28":{"type":"branch","line":132,"loc":{"start":{"line":132,"column":33},"end":{"line":132,"column":40}},"locations":[{"start":{"line":132,"column":33},"end":{"line":132,"column":40}}]},"29":{"type":"branch","line":132,"loc":{"start":{"line":132,"column":33},"end":{"line":133,"column":63}},"locations":[{"start":{"line":132,"column":33},"end":{"line":133,"column":63}}]},"30":{"type":"branch","line":136,"loc":{"start":{"line":136,"column":2},"end":{"line":139,"column":3}},"locations":[{"start":{"line":136,"column":2},"end":{"line":139,"column":3}}]},"31":{"type":"branch","line":137,"loc":{"start":{"line":137,"column":33},"end":{"line":137,"column":40}},"locations":[{"start":{"line":137,"column":33},"end":{"line":137,"column":40}}]},"32":{"type":"branch","line":141,"loc":{"start":{"line":141,"column":2},"end":{"line":156,"column":3}},"locations":[{"start":{"line":141,"column":2},"end":{"line":156,"column":3}}]},"33":{"type":"branch","line":142,"loc":{"start":{"line":142,"column":34},"end":{"line":142,"column":41}},"locations":[{"start":{"line":142,"column":34},"end":{"line":142,"column":41}}]},"34":{"type":"branch","line":144,"loc":{"start":{"line":144,"column":22},"end":{"line":150,"column":8}},"locations":[{"start":{"line":144,"column":22},"end":{"line":150,"column":8}}]},"35":{"type":"branch","line":150,"loc":{"start":{"line":150,"column":4},"end":{"line":150,"column":18}},"locations":[{"start":{"line":150,"column":4},"end":{"line":150,"column":18}}]},"36":{"type":"branch","line":178,"loc":{"start":{"line":178,"column":2},"end":{"line":221,"column":3}},"locations":[{"start":{"line":178,"column":2},"end":{"line":221,"column":3}}]},"37":{"type":"branch","line":184,"loc":{"start":{"line":184,"column":37},"end":{"line":204,"column":13}},"locations":[{"start":{"line":184,"column":37},"end":{"line":204,"column":13}}]},"38":{"type":"branch","line":204,"loc":{"start":{"line":204,"column":6},"end":{"line":212,"column":7}},"locations":[{"start":{"line":204,"column":6},"end":{"line":212,"column":7}}]},"39":{"type":"branch","line":213,"loc":{"start":{"line":213,"column":4},"end":{"line":220,"column":5}},"locations":[{"start":{"line":213,"column":4},"end":{"line":220,"column":5}}]},"40":{"type":"branch","line":186,"loc":{"start":{"line":186,"column":10},"end":{"line":194,"column":12}},"locations":[{"start":{"line":186,"column":10},"end":{"line":194,"column":12}}]},"41":{"type":"branch","line":195,"loc":{"start":{"line":195,"column":10},"end":{"line":202,"column":11}},"locations":[{"start":{"line":195,"column":10},"end":{"line":202,"column":11}}]},"42":{"type":"branch","line":226,"loc":{"start":{"line":226,"column":2},"end":{"line":232,"column":3}},"locations":[{"start":{"line":226,"column":2},"end":{"line":232,"column":3}}]},"43":{"type":"branch","line":230,"loc":{"start":{"line":230,"column":17},"end":{"line":230,"column":51}},"locations":[{"start":{"line":230,"column":17},"end":{"line":230,"column":51}}]},"44":{"type":"branch","line":237,"loc":{"start":{"line":237,"column":2},"end":{"line":253,"column":3}},"locations":[{"start":{"line":237,"column":2},"end":{"line":253,"column":3}}]},"45":{"type":"branch","line":245,"loc":{"start":{"line":245,"column":66},"end":{"line":245,"column":85}},"locations":[{"start":{"line":245,"column":66},"end":{"line":245,"column":85}}]},"46":{"type":"branch","line":255,"loc":{"start":{"line":255,"column":10},"end":{"line":273,"column":3}},"locations":[{"start":{"line":255,"column":10},"end":{"line":273,"column":3}}]},"47":{"type":"branch","line":258,"loc":{"start":{"line":258,"column":36},"end":{"line":258,"column":50}},"locations":[{"start":{"line":258,"column":36},"end":{"line":258,"column":50}}]},"48":{"type":"branch","line":258,"loc":{"start":{"line":258,"column":43},"end":{"line":259,"column":44}},"locations":[{"start":{"line":258,"column":43},"end":{"line":259,"column":44}}]},"49":{"type":"branch","line":259,"loc":{"start":{"line":259,"column":37},"end":{"line":259,"column":52}},"locations":[{"start":{"line":259,"column":37},"end":{"line":259,"column":52}}]},"50":{"type":"branch","line":259,"loc":{"start":{"line":259,"column":44},"end":{"line":260,"column":49}},"locations":[{"start":{"line":259,"column":44},"end":{"line":260,"column":49}}]},"51":{"type":"branch","line":260,"loc":{"start":{"line":260,"column":42},"end":{"line":260,"column":62}},"locations":[{"start":{"line":260,"column":42},"end":{"line":260,"column":62}}]},"52":{"type":"branch","line":260,"loc":{"start":{"line":260,"column":49},"end":{"line":261,"column":49}},"locations":[{"start":{"line":260,"column":49},"end":{"line":261,"column":49}}]},"53":{"type":"branch","line":261,"loc":{"start":{"line":261,"column":42},"end":{"line":261,"column":62}},"locations":[{"start":{"line":261,"column":42},"end":{"line":261,"column":62}}]},"54":{"type":"branch","line":261,"loc":{"start":{"line":261,"column":49},"end":{"line":265,"column":43}},"locations":[{"start":{"line":261,"column":49},"end":{"line":265,"column":43}}]},"55":{"type":"branch","line":265,"loc":{"start":{"line":265,"column":36},"end":{"line":265,"column":58}},"locations":[{"start":{"line":265,"column":36},"end":{"line":265,"column":58}}]},"56":{"type":"branch","line":265,"loc":{"start":{"line":265,"column":43},"end":{"line":266,"column":43}},"locations":[{"start":{"line":265,"column":43},"end":{"line":266,"column":43}}]},"57":{"type":"branch","line":266,"loc":{"start":{"line":266,"column":36},"end":{"line":266,"column":56}},"locations":[{"start":{"line":266,"column":36},"end":{"line":266,"column":56}}]},"58":{"type":"branch","line":266,"loc":{"start":{"line":266,"column":43},"end":{"line":267,"column":66}},"locations":[{"start":{"line":266,"column":43},"end":{"line":267,"column":66}}]},"59":{"type":"branch","line":267,"loc":{"start":{"line":267,"column":66},"end":{"line":267,"column":86}},"locations":[{"start":{"line":267,"column":66},"end":{"line":267,"column":86}}]},"60":{"type":"branch","line":267,"loc":{"start":{"line":267,"column":73},"end":{"line":268,"column":44}},"locations":[{"start":{"line":267,"column":73},"end":{"line":268,"column":44}}]},"61":{"type":"branch","line":268,"loc":{"start":{"line":268,"column":37},"end":{"line":268,"column":54}},"locations":[{"start":{"line":268,"column":37},"end":{"line":268,"column":54}}]},"62":{"type":"branch","line":268,"loc":{"start":{"line":268,"column":44},"end":{"line":269,"column":71}},"locations":[{"start":{"line":268,"column":44},"end":{"line":269,"column":71}}]},"63":{"type":"branch","line":269,"loc":{"start":{"line":269,"column":71},"end":{"line":269,"column":91}},"locations":[{"start":{"line":269,"column":71},"end":{"line":269,"column":91}}]},"64":{"type":"branch","line":269,"loc":{"start":{"line":269,"column":78},"end":{"line":270,"column":65}},"locations":[{"start":{"line":269,"column":78},"end":{"line":270,"column":65}}]},"65":{"type":"branch","line":270,"loc":{"start":{"line":270,"column":65},"end":{"line":270,"column":80}},"locations":[{"start":{"line":270,"column":65},"end":{"line":270,"column":80}}]},"66":{"type":"branch","line":270,"loc":{"start":{"line":270,"column":72},"end":{"line":272,"column":21}},"locations":[{"start":{"line":270,"column":72},"end":{"line":272,"column":21}}]},"67":{"type":"branch","line":277,"loc":{"start":{"line":277,"column":25},"end":{"line":284,"column":3}},"locations":[{"start":{"line":277,"column":25},"end":{"line":284,"column":3}}]},"68":{"type":"branch","line":278,"loc":{"start":{"line":278,"column":22},"end":{"line":278,"column":64}},"locations":[{"start":{"line":278,"column":22},"end":{"line":278,"column":64}}]},"69":{"type":"branch","line":282,"loc":{"start":{"line":282,"column":40},"end":{"line":282,"column":95}},"locations":[{"start":{"line":282,"column":40},"end":{"line":282,"column":95}}]},"70":{"type":"branch","line":290,"loc":{"start":{"line":290,"column":28},"end":{"line":298,"column":2}},"locations":[{"start":{"line":290,"column":28},"end":{"line":298,"column":2}}]},"71":{"type":"branch","line":296,"loc":{"start":{"line":296,"column":15},"end":{"line":296,"column":44}},"locations":[{"start":{"line":296,"column":15},"end":{"line":296,"column":44}}]},"72":{"type":"branch","line":301,"loc":{"start":{"line":301,"column":30},"end":{"line":310,"column":2}},"locations":[{"start":{"line":301,"column":30},"end":{"line":310,"column":2}}]},"73":{"type":"branch","line":303,"loc":{"start":{"line":303,"column":9},"end":{"line":309,"column":4}},"locations":[{"start":{"line":303,"column":9},"end":{"line":309,"column":4}}]},"74":{"type":"branch","line":306,"loc":{"start":{"line":306,"column":15},"end":{"line":306,"column":79}},"locations":[{"start":{"line":306,"column":15},"end":{"line":306,"column":79}}]},"75":{"type":"branch","line":306,"loc":{"start":{"line":306,"column":79},"end":{"line":308,"column":5}},"locations":[{"start":{"line":306,"column":79},"end":{"line":308,"column":5}}]},"76":{"type":"branch","line":313,"loc":{"start":{"line":313,"column":32},"end":{"line":345,"column":1}},"locations":[{"start":{"line":313,"column":32},"end":{"line":345,"column":1}}]},"77":{"type":"branch","line":316,"loc":{"start":{"line":316,"column":2},"end":{"line":325,"column":3}},"locations":[{"start":{"line":316,"column":2},"end":{"line":325,"column":3}}]},"78":{"type":"branch","line":317,"loc":{"start":{"line":317,"column":42},"end":{"line":317,"column":105}},"locations":[{"start":{"line":317,"column":42},"end":{"line":317,"column":105}}]},"79":{"type":"branch","line":327,"loc":{"start":{"line":327,"column":2},"end":{"line":340,"column":3}},"locations":[{"start":{"line":327,"column":2},"end":{"line":340,"column":3}}]},"80":{"type":"branch","line":330,"loc":{"start":{"line":330,"column":46},"end":{"line":337,"column":5}},"locations":[{"start":{"line":330,"column":46},"end":{"line":337,"column":5}}]},"81":{"type":"branch","line":334,"loc":{"start":{"line":334,"column":31},"end":{"line":334,"column":46}},"locations":[{"start":{"line":334,"column":31},"end":{"line":334,"column":46}}]},"82":{"type":"branch","line":342,"loc":{"start":{"line":342,"column":2},"end":{"line":344,"column":3}},"locations":[{"start":{"line":342,"column":2},"end":{"line":344,"column":3}}]}},"b":{"0":[21],"1":[21],"2":[255],"3":[169],"4":[28],"5":[25],"6":[1],"7":[168],"8":[141],"9":[135],"10":[135],"11":[145],"12":[24],"13":[169],"14":[2],"15":[167],"16":[15],"17":[152],"18":[0],"19":[0],"20":[15],"21":[137],"22":[14],"23":[14],"24":[85],"25":[84],"26":[1],"27":[143],"28":[2],"29":[141],"30":[3],"31":[0],"32":[24],"33":[0],"34":[22],"35":[2],"36":[71],"37":[70],"38":[1],"39":[0],"40":[69],"41":[1],"42":[1],"43":[0],"44":[1],"45":[0],"46":[22],"47":[1],"48":[21],"49":[0],"50":[21],"51":[6],"52":[15],"53":[6],"54":[9],"55":[2],"56":[7],"57":[1],"58":[6],"59":[0],"60":[6],"61":[1],"62":[5],"63":[1],"64":[4],"65":[0],"66":[4],"67":[22],"68":[18],"69":[20],"70":[18],"71":[11],"72":[2],"73":[2],"74":[1],"75":[1],"76":[6],"77":[23],"78":[8],"79":[5],"80":[4],"81":[0],"82":[2]},"fnMap":{"0":{"name":"<instance_members_initializer>","decl":{"start":{"line":52,"column":23},"end":{"line":274,"column":1}},"loc":{"start":{"line":52,"column":23},"end":{"line":274,"column":1}},"line":52},"1":{"name":"StructuredLogger","decl":{"start":{"line":58,"column":2},"end":{"line":60,"column":3}},"loc":{"start":{"line":58,"column":2},"end":{"line":60,"column":3}},"line":58},"2":{"name":"shouldLog","decl":{"start":{"line":62,"column":10},"end":{"line":64,"column":3}},"loc":{"start":{"line":62,"column":10},"end":{"line":64,"column":3}},"line":62},"3":{"name":"formatMessage","decl":{"start":{"line":66,"column":10},"end":{"line":94,"column":3}},"loc":{"start":{"line":66,"column":10},"end":{"line":94,"column":3}},"line":66},"4":{"name":"output","decl":{"start":{"line":96,"column":10},"end":{"line":119,"column":3}},"loc":{"start":{"line":96,"column":10},"end":{"line":119,"column":3}},"line":96},"5":{"name":"trace","decl":{"start":{"line":121,"column":2},"end":{"line":124,"column":3}},"loc":{"start":{"line":121,"column":2},"end":{"line":124,"column":3}},"line":121},"6":{"name":"debug","decl":{"start":{"line":126,"column":2},"end":{"line":129,"column":3}},"loc":{"start":{"line":126,"column":2},"end":{"line":129,"column":3}},"line":126},"7":{"name":"info","decl":{"start":{"line":131,"column":2},"end":{"line":134,"column":3}},"loc":{"start":{"line":131,"column":2},"end":{"line":134,"column":3}},"line":131},"8":{"name":"warn","decl":{"start":{"line":136,"column":2},"end":{"line":139,"column":3}},"loc":{"start":{"line":136,"column":2},"end":{"line":139,"column":3}},"line":136},"9":{"name":"error","decl":{"start":{"line":141,"column":2},"end":{"line":156,"column":3}},"loc":{"start":{"line":141,"column":2},"end":{"line":156,"column":3}},"line":141},"10":{"name":"fatal","decl":{"start":{"line":158,"column":2},"end":{"line":171,"column":3}},"loc":{"start":{"line":158,"column":2},"end":{"line":171,"column":3}},"line":158},"11":{"name":"time","decl":{"start":{"line":178,"column":2},"end":{"line":221,"column":3}},"loc":{"start":{"line":178,"column":2},"end":{"line":221,"column":3}},"line":178},"12":{"name":"child","decl":{"start":{"line":226,"column":2},"end":{"line":232,"column":3}},"loc":{"start":{"line":226,"column":2},"end":{"line":232,"column":3}},"line":226},"13":{"name":"getMetrics","decl":{"start":{"line":237,"column":2},"end":{"line":253,"column":3}},"loc":{"start":{"line":237,"column":2},"end":{"line":253,"column":3}},"line":237},"14":{"name":"categorizeError","decl":{"start":{"line":255,"column":10},"end":{"line":273,"column":3}},"loc":{"start":{"line":255,"column":10},"end":{"line":273,"column":3}},"line":255},"15":{"name":"getDefaultConfig","decl":{"start":{"line":277,"column":25},"end":{"line":284,"column":3}},"loc":{"start":{"line":277,"column":25},"end":{"line":284,"column":3}},"line":277},"16":{"name":"createLogger","decl":{"start":{"line":290,"column":28},"end":{"line":298,"column":2}},"loc":{"start":{"line":290,"column":28},"end":{"line":298,"column":2}},"line":290},"17":{"name":"createDebugger","decl":{"start":{"line":301,"column":30},"end":{"line":310,"column":2}},"loc":{"start":{"line":301,"column":30},"end":{"line":310,"column":2}},"line":301},"18":{"name":"<instance_members_initializer>","decl":{"start":{"line":313,"column":32},"end":{"line":345,"column":1}},"loc":{"start":{"line":313,"column":32},"end":{"line":345,"column":1}},"line":313},"19":{"name":"recordOperation","decl":{"start":{"line":316,"column":2},"end":{"line":325,"column":3}},"loc":{"start":{"line":316,"column":2},"end":{"line":325,"column":3}},"line":316},"20":{"name":"getMetrics","decl":{"start":{"line":327,"column":2},"end":{"line":340,"column":3}},"loc":{"start":{"line":327,"column":2},"end":{"line":340,"column":3}},"line":327},"21":{"name":"reset","decl":{"start":{"line":342,"column":2},"end":{"line":344,"column":3}},"loc":{"start":{"line":342,"column":2},"end":{"line":344,"column":3}},"line":342}},"f":{"0":21,"1":21,"2":255,"3":169,"4":169,"5":0,"6":85,"7":143,"8":3,"9":24,"10":0,"11":71,"12":1,"13":1,"14":22,"15":22,"16":18,"17":2,"18":6,"19":23,"20":5,"21":2}}
}
